2014-01-15 15:15:44 paged_title() [Ulearn | ULearn English School Dublin Blog] [ - Part 8]
2014-01-15 15:16:20 paged_title() [Ulearn | ULearn English School Dublin Blog] [ - Part 10]
2014-01-15 15:42:06 paged_title() [Ulearn | ULearn English School Dublin Blog] [ - Part 11]
2014-01-15 15:42:08 paged_title() [Ulearn | ULearn English School Dublin Blog] [ - Part 7]
2014-01-15 17:35:57 paged_title() [Ulearn | ULearn English School Dublin Blog] [ - Part 11]
2014-01-15 23:41:02 paged_title() [15/04/2011 | ULearn English School Dublin Blog] [ - Part 2]
2014-01-15 23:50:00 paged_title() [English School Dublin, English Courses, Learn English in Dublin] [ - Part 7]
2014-01-16 01:22:19 paged_title() [Ulearn | ULearn English School Dublin Blog] [ - Part 2]
2014-01-16 02:20:50 paged_title() [English School Dublin, English Courses, Learn English in Dublin] [ - Part 2]
2014-01-16 03:20:58 paged_title() [Socials | ULearn English School Dublin Blog] [ - Part 5]
2014-01-16 03:29:09 paged_title() [] [ - Part 9]
2014-01-16 05:11:25 paged_title() [Ulearn | ULearn English School Dublin Blog] [ - Part 5]
2014-01-16 05:40:27 paged_title() [English School Dublin, English Courses, Learn English in Dublin] [ - Part 3]
2014-01-16 07:39:46 paged_title() [English School Dublin, English Courses, Learn English in Dublin] [ - Part 8]
2014-01-16 08:04:26 paged_title() [April, 2011 | ULearn English School Dublin Blog] [ - Part 2]
2014-01-16 09:59:34 paged_title() [English School Dublin, English Courses, Learn English in Dublin] [ - Part 4]
2014-01-16 09:59:40 paged_title() [English School Dublin, English Courses, Learn English in Dublin] [ - Part 10]
2014-01-16 09:59:42 paged_title() [English School Dublin, English Courses, Learn English in Dublin] [ - Part 11]
2014-01-16 09:59:43 paged_title() [English School Dublin, English Courses, Learn English in Dublin] [ - Part 2]
2014-01-16 09:59:44 paged_title() [English School Dublin, English Courses, Learn English in Dublin] [ - Part 3]
2014-01-16 09:59:47 paged_title() [English School Dublin, English Courses, Learn English in Dublin] [ - Part 5]
2014-01-16 10:00:30 paged_title() [English School Dublin, English Courses, Learn English in Dublin] [ - Part 7]
2014-01-16 10:00:34 paged_title() [English School Dublin, English Courses, Learn English in Dublin] [ - Part 9]
2014-01-16 10:00:35 paged_title() [English School Dublin, English Courses, Learn English in Dublin] [ - Part 8]
2014-01-16 10:00:36 paged_title() [English School Dublin, English Courses, Learn English in Dublin] [ - Part 6]
2014-01-16 10:00:52 paged_title() [] [ - Part 3]
2014-01-16 10:01:33 paged_title() [Socials | ULearn English School Dublin Blog] [ - Part 2]
2014-01-16 10:01:52 paged_title() [Ulearn | ULearn English School Dublin Blog] [ - Part 2]
2014-01-16 10:01:56 paged_title() [] [ - Part 5]
2014-01-16 10:02:04 paged_title() [] [ - Part 4]
2014-01-16 10:02:18 paged_title() [Socials | ULearn English School Dublin Blog] [ - Part 6]
2014-01-16 10:02:26 paged_title() [Ulearn | ULearn English School Dublin Blog] [ - Part 10]
2014-01-16 10:02:53 paged_title() [] [ - Part 2]
2014-01-16 10:02:57 paged_title() [Ulearn | ULearn English School Dublin Blog] [ - Part 11]
2014-01-16 10:02:58 paged_title() [] [ - Part 11]
2014-01-16 10:03:04 paged_title() [Socials | ULearn English School Dublin Blog] [ - Part 5]
2014-01-16 10:03:49 paged_title() [] [ - Part 10]
2014-01-16 10:03:59 paged_title() [Ulearn | ULearn English School Dublin Blog] [ - Part 3]
2014-01-16 10:04:08 paged_title() [Socials | ULearn English School Dublin Blog] [ - Part 3]
2014-01-16 10:04:26 paged_title() [Socials | ULearn English School Dublin Blog] [ - Part 4]
2014-01-16 10:04:27 paged_title() [Dublin | ULearn English School Dublin Blog] [ - Part 2]
2014-01-16 10:04:33 paged_title() [Ulearn | ULearn English School Dublin Blog] [ - Part 4]
2014-01-16 10:04:41 paged_title() [Ulearn | ULearn English School Dublin Blog] [ - Part 5]
2014-01-16 10:06:17 paged_title() [Ulearn | ULearn English School Dublin Blog] [ - Part 7]
2014-01-16 10:06:50 paged_title() [] [ - Part 9]
2014-01-16 10:07:52 paged_title() [Ulearn | ULearn English School Dublin Blog] [ - Part 9]
2014-01-16 10:08:17 paged_title() [Ulearn | ULearn English School Dublin Blog] [ - Part 6]
2014-01-16 10:08:21 paged_title() [] [ - Part 8]
2014-01-16 10:10:43 paged_title() [Ulearn | ULearn English School Dublin Blog] [ - Part 8]
2014-01-16 10:11:58 paged_title() [] [ - Part 6]
2014-01-16 10:12:01 paged_title() [] [ - Part 7]
2014-01-16 11:54:29 paged_title() [Ulearn | ULearn English School Dublin Blog] [ - Part 2]
2014-01-16 13:19:49 paged_title() [May, 2012 | ULearn English School Dublin Blog] [ - Part 2]
2014-01-16 13:21:01 paged_title() [English School Dublin, English Courses, Learn English in Dublin] [ - Part 4]
2014-01-16 14:13:58 paged_title() [English School Dublin, English Courses, Learn English in Dublin] [ - Part 3]
2014-01-16 15:16:14 paged_title() [Ulearn | ULearn English School Dublin Blog] [ - Part 3]
2014-01-16 15:44:46 paged_title() [English School Dublin, English Courses, Learn English in Dublin] [ - Part 2]
2014-01-16 16:00:38 paged_title() [] [ - Part 2]
2014-01-16 16:00:45 paged_title() [Ulearn | ULearn English School Dublin Blog] [ - Part 2]
2014-01-16 16:01:08 paged_title() [Socials | ULearn English School Dublin Blog] [ - Part 2]
2014-01-16 16:03:28 paged_title() [English School Dublin, English Courses, Learn English in Dublin] [ - Part 3]
2014-01-16 16:03:54 paged_title() [English School Dublin, English Courses, Learn English in Dublin] [ - Part 4]
2014-01-16 16:04:14 paged_title() [English School Dublin, English Courses, Learn English in Dublin] [ - Part 5]
2014-01-16 16:04:51 paged_title() [English School Dublin, English Courses, Learn English in Dublin] [ - Part 10]
2014-01-16 16:04:57 paged_title() [English School Dublin, English Courses, Learn English in Dublin] [ - Part 9]
2014-01-16 16:05:22 paged_title() [English School Dublin, English Courses, Learn English in Dublin] [ - Part 11]
2014-01-16 16:08:29 paged_title() [Dublin | ULearn English School Dublin Blog] [ - Part 2]
2014-01-16 16:59:29 paged_title() [] [ - Part 11]
2014-01-16 17:26:15 paged_title() [Ulearn | ULearn English School Dublin Blog] [ - Part 3]
2014-01-16 19:00:17 paged_title() [Ulearn | ULearn English School Dublin Blog] [ - Part 8]
2014-01-16 19:24:01 paged_title() [English School Dublin, English Courses, Learn English in Dublin] [ - Part 6]
2014-01-16 21:20:28 paged_title() [Ulearn | ULearn English School Dublin Blog] [ - Part 7]
2014-01-16 21:28:29 paged_title() [English School Dublin, English Courses, Learn English in Dublin] [ - Part 4]
2014-01-16 22:40:17 paged_title() [] [ - Part 10]
2014-01-17 01:35:47 paged_title() [English School Dublin, English Courses, Learn English in Dublin] [ - Part 4]
2014-01-17 01:36:17 paged_title() [English School Dublin, English Courses, Learn English in Dublin] [ - Part 4]
2014-01-17 02:36:55 paged_title() [March, 2012 | ULearn English School Dublin Blog] [ - Part 2]
2014-01-17 03:16:02 paged_title() [English School Dublin, English Courses, Learn English in Dublin] [ - Part 2]
2014-01-17 07:10:28 paged_title() [Socials | ULearn English School Dublin Blog] [ - Part 6]
2014-01-17 10:19:56 paged_title() [Socials | ULearn English School Dublin Blog] [ - Part 2]
2014-01-17 10:50:04 paged_title() [Socials | ULearn English School Dublin Blog] [ - Part 4]
2014-01-17 11:55:17 paged_title() [] [ - Part 7]
2014-01-17 12:03:18 paged_title() [Ulearn | ULearn English School Dublin Blog] [ - Part 10]
2014-01-17 13:09:09 paged_title() [Ulearn | ULearn English School Dublin Blog] [ - Part 7]
2014-01-17 14:55:36 paged_title() [English School Dublin, English Courses, Learn English in Dublin] [ - Part 5]
2014-01-17 15:35:16 paged_title() [Ulearn | ULearn English School Dublin Blog] [ - Part 10]
2014-01-17 15:50:43 paged_title() [English School Dublin, English Courses, Learn English in Dublin] [ - Part 10]
2014-01-17 18:24:29 paged_title() [Socials | ULearn English School Dublin Blog] [ - Part 2]
2014-01-17 18:36:52 paged_title() [English School Dublin, English Courses, Learn English in Dublin] [ - Part 2]
2014-01-17 22:23:08 paged_title() [Ulearn | ULearn English School Dublin Blog] [ - Part 9]
2014-01-17 22:59:59 paged_title() [Ulearn | ULearn English School Dublin Blog] [ - Part 11]
2014-01-18 05:09:10 paged_title() [March, 2012 | ULearn English School Dublin Blog] [ - Part 2]
2014-01-18 05:59:37 paged_title() [Socials | ULearn English School Dublin Blog] [ - Part 3]
2014-01-20 11:46:58 paged_title() [May, 2012 | ULearn English School Dublin Blog] [ - Part 2]
2014-01-20 11:48:41 paged_title() [English School Dublin, English Courses, Learn English in Dublin] [ - Part 10]
2014-01-20 13:38:53 paged_title() [English School Dublin, English Courses, Learn English in Dublin] [ - Part 12]
2014-01-20 14:32:44 paged_title() [English School Dublin, English Courses, Learn English in Dublin] [ - Part 5]
2014-01-20 17:09:07 paged_title() [English School Dublin, English Courses, Learn English in Dublin] [ - Part 2]
2014-01-20 17:09:13 paged_title() [English School Dublin, English Courses, Learn English in Dublin] [ - Part 3]
2014-01-20 17:09:21 paged_title() [English School Dublin, English Courses, Learn English in Dublin] [ - Part 4]
2014-01-20 17:09:29 paged_title() [English School Dublin, English Courses, Learn English in Dublin] [ - Part 5]
2014-01-20 17:09:35 paged_title() [English School Dublin, English Courses, Learn English in Dublin] [ - Part 10]
2014-01-20 17:09:42 paged_title() [English School Dublin, English Courses, Learn English in Dublin] [ - Part 12]
2014-01-20 20:25:01 paged_title() [English School Dublin, English Courses, Learn English in Dublin] [ - Part 9]
2014-01-20 21:12:26 paged_title() [] [ - Part 6]
2014-01-20 23:39:16 paged_title() [English School Dublin, English Courses, Learn English in Dublin] [ - Part 3]
2014-01-20 23:43:10 paged_title() [English School Dublin, English Courses, Learn English in Dublin] [ - Part 6]
2014-01-20 23:53:55 paged_title() [English School Dublin, English Courses, Learn English in Dublin] [ - Part 4]
2014-01-21 03:05:48 paged_title() [] [ - Part 6]
2014-01-21 04:02:19 paged_title() [Ulearn | ULearn English School Dublin Blog] [ - Part 4]
2014-01-21 04:09:11 paged_title() [April, 2012 | ULearn English School Dublin Blog] [ - Part 2]
2014-01-21 05:32:08 paged_title() [English School Dublin, English Courses, Learn English in Dublin] [ - Part 5]
2014-01-21 07:39:06 paged_title() [Ulearn | ULearn English School Dublin Blog] [ - Part 8]
2014-01-21 08:32:49 paged_title() [English School Dublin, English Courses, Learn English in Dublin] [ - Part 4]
2014-01-21 09:23:12 paged_title() [English School Dublin, English Courses, Learn English in Dublin] [ - Part 2]
2014-01-21 11:16:31 paged_title() [English School Dublin, English Courses, Learn English in Dublin] [ - Part 3]
2014-01-21 11:16:32 paged_title() [English School Dublin, English Courses, Learn English in Dublin] [ - Part 3]
2014-01-21 11:24:58 paged_title() [English School Dublin, English Courses, Learn English in Dublin] [ - Part 12]
2014-01-21 12:12:30 paged_title() [] [ - Part 11]
2014-01-21 12:57:11 paged_title() [English School Dublin, English Courses, Learn English in Dublin] [ - Part 3]
2014-01-21 13:56:59 paged_title() [Ulearn | ULearn English School Dublin Blog] [ - Part 11]
2014-01-21 14:23:33 paged_title() [English School Dublin, English Courses, Learn English in Dublin] [ - Part 6]
2014-01-21 14:23:35 paged_title() [English School Dublin, English Courses, Learn English in Dublin] [ - Part 6]
2014-01-21 16:23:33 paged_title() [English School Dublin, English Courses, Learn English in Dublin] [ - Part 6]
2014-01-21 16:33:13 paged_title() [English School Dublin, English Courses, Learn English in Dublin] [ - Part 7]
2014-01-21 21:57:37 paged_title() [English School Dublin, English Courses, Learn English in Dublin] [ - Part 11]
2014-01-21 22:25:47 paged_title() [English School Dublin, English Courses, Learn English in Dublin] [ - Part 6]
2014-01-22 00:06:38 paged_title() [Ulearn | ULearn English School Dublin Blog] [ - Part 9]
2014-01-22 01:59:48 paged_title() [April, 2011 | ULearn English School Dublin Blog] [ - Part 2]
2014-01-22 05:06:19 paged_title() [] [ - Part 5]
2014-01-22 05:06:25 paged_title() [] [ - Part 4]
2014-01-22 05:06:32 paged_title() [] [ - Part 12]
2014-01-22 10:12:08 paged_title() [English School Dublin, English Courses, Learn English in Dublin] [ - Part 2]
2014-01-22 10:33:12 paged_title() [English School Dublin, English Courses, Learn English in Dublin] [ - Part 2]
2014-01-22 11:14:49 paged_title() [] [ - Part 9]
2014-01-22 11:14:53 paged_title() [] [ - Part 8]
2014-01-22 11:14:58 paged_title() [] [ - Part 7]
2014-01-22 11:15:02 paged_title() [] [ - Part 6]
2014-01-22 11:15:07 paged_title() [] [ - Part 5]
2014-01-22 11:15:12 paged_title() [] [ - Part 4]
2014-01-22 11:15:19 paged_title() [] [ - Part 2]
2014-01-22 11:15:24 paged_title() [] [ - Part 11]
2014-01-22 11:15:28 paged_title() [] [ - Part 10]
2014-01-22 11:57:27 paged_title() [English School Dublin, English Courses, Learn English in Dublin] [ - Part 4]
2014-01-22 12:35:17 paged_title() [Socials | ULearn English School Dublin Blog] [ - Part 4]
2014-01-22 15:59:44 paged_title() [Socials | ULearn English School Dublin Blog] [ - Part 5]
2014-01-22 16:48:04 paged_title() [Socials | ULearn English School Dublin Blog] [ - Part 5]
2014-01-22 20:58:54 paged_title() [English School Dublin, English Courses, Learn English in Dublin] [ - Part 2]
2014-01-22 20:58:56 paged_title() [English School Dublin, English Courses, Learn English in Dublin] [ - Part 2]
2014-01-22 22:58:15 paged_title() [English School Dublin, English Courses, Learn English in Dublin] [ - Part 8]
2014-01-22 23:16:41 paged_title() [Socials | ULearn English School Dublin Blog] [ - Part 3]
2014-01-22 23:52:40 paged_title() [English School Dublin, English Courses, Learn English in Dublin] [ - Part 4]
2014-01-23 00:14:19 paged_title() [Dublin | ULearn English School Dublin Blog] [ - Part 2]
2014-01-23 06:47:48 paged_title() [Ulearn | ULearn English School Dublin Blog] [ - Part 7]
2014-01-23 09:44:14 paged_title() [English School Dublin, English Courses, Learn English in Dublin] [ - Part 9]
2014-01-23 12:11:40 paged_title() [English School Dublin, English Courses, Learn English in Dublin] [ - Part 12]
2014-01-23 14:54:52 paged_title() [] [ - Part 4]
2014-01-23 14:56:30 paged_title() [English School Dublin, English Courses, Learn English in Dublin] [ - Part 11]
2014-01-23 16:56:13 paged_title() [] [ - Part 9]
2014-01-23 19:22:55 paged_title() [] [ - Part 6]
2014-01-23 23:18:29 paged_title() [English School Dublin, English Courses, Learn English in Dublin] [ - Part 4]
2014-01-23 23:20:44 paged_title() [English School Dublin, English Courses, Learn English in Dublin] [ - Part 11]
2014-01-24 02:51:31 paged_title() [Socials | ULearn English School Dublin Blog] [ - Part 5]
2014-01-24 07:27:56 paged_title() [English School Dublin, English Courses, Learn English in Dublin] [ - Part 8]
2014-01-24 09:20:00 paged_title() [English School Dublin, English Courses, Learn English in Dublin] [ - Part 2]
2014-01-24 12:00:42 paged_title() [Socials | ULearn English School Dublin Blog] [ - Part 4]
2014-01-24 15:36:24 paged_title() [] [ - Part 2]
2014-01-24 20:41:04 paged_title() [English School Dublin, English Courses, Learn English in Dublin] [ - Part 11]
2014-01-24 21:48:11 paged_title() [] [ - Part 10]
2014-01-24 23:29:25 paged_title() [English School Dublin, English Courses, Learn English in Dublin] [ - Part 4]
2014-01-25 00:32:55 paged_title() [Ulearn | ULearn English School Dublin Blog] [ - Part 11]
2014-01-25 00:57:04 paged_title() [English School Dublin, English Courses, Learn English in Dublin] [ - Part 12]
2014-01-25 04:26:19 paged_title() [Ulearn | ULearn English School Dublin Blog] [ - Part 9]
2014-01-25 07:54:34 paged_title() [English School Dublin, English Courses, Learn English in Dublin] [ - Part 4]
2014-01-25 08:04:16 paged_title() [English School Dublin, English Courses, Learn English in Dublin] [ - Part 5]
2014-01-25 08:04:18 paged_title() [English School Dublin, English Courses, Learn English in Dublin] [ - Part 5]
2014-01-25 08:09:00 paged_title() [English School Dublin, English Courses, Learn English in Dublin] [ - Part 5]
2014-01-25 08:13:45 paged_title() [English School Dublin, English Courses, Learn English in Dublin] [ - Part 5]
2014-01-25 09:07:24 paged_title() [English School Dublin, English Courses, Learn English in Dublin] [ - Part 12]
2014-01-25 12:53:04 paged_title() [English School Dublin, English Courses, Learn English in Dublin] [ - Part 2]
2014-01-25 12:53:05 paged_title() [English School Dublin, English Courses, Learn English in Dublin] [ - Part 3]
2014-01-25 12:53:07 paged_title() [English School Dublin, English Courses, Learn English in Dublin] [ - Part 5]
2014-01-25 12:53:07 paged_title() [English School Dublin, English Courses, Learn English in Dublin] [ - Part 4]
2014-01-25 12:53:10 paged_title() [English School Dublin, English Courses, Learn English in Dublin] [ - Part 12]
2014-01-25 12:53:10 paged_title() [English School Dublin, English Courses, Learn English in Dublin] [ - Part 10]
2014-01-25 12:57:07 paged_title() [English School Dublin, English Courses, Learn English in Dublin] [ - Part 10]
2014-01-25 12:57:16 paged_title() [English School Dublin, English Courses, Learn English in Dublin] [ - Part 9]
2014-01-25 12:57:17 paged_title() [English School Dublin, English Courses, Learn English in Dublin] [ - Part 8]
2014-01-25 12:57:18 paged_title() [English School Dublin, English Courses, Learn English in Dublin] [ - Part 11]
2014-01-25 13:01:35 paged_title() [English School Dublin, English Courses, Learn English in Dublin] [ - Part 12]
2014-01-25 13:04:14 paged_title() [English School Dublin, English Courses, Learn English in Dublin] [ - Part 9]
2014-01-25 13:04:23 paged_title() [English School Dublin, English Courses, Learn English in Dublin] [ - Part 7]
2014-01-25 13:08:19 paged_title() [Dublin | ULearn English School Dublin Blog] [ - Part 2]
2014-01-25 13:09:42 paged_title() [Ulearn | ULearn English School Dublin Blog] [ - Part 2]
2014-01-25 13:09:43 paged_title() [Ulearn | ULearn English School Dublin Blog] [ - Part 3]
2014-01-25 13:09:44 paged_title() [Ulearn | ULearn English School Dublin Blog] [ - Part 4]
2014-01-25 13:09:45 paged_title() [Ulearn | ULearn English School Dublin Blog] [ - Part 10]
2014-01-25 13:09:45 paged_title() [Ulearn | ULearn English School Dublin Blog] [ - Part 12]
2014-01-25 13:09:46 paged_title() [Ulearn | ULearn English School Dublin Blog] [ - Part 5]
2014-01-25 13:09:49 paged_title() [Ulearn | ULearn English School Dublin Blog] [ - Part 3]
2014-01-25 13:10:04 paged_title() [Ulearn | ULearn English School Dublin Blog] [ - Part 12]
2014-01-25 13:10:07 paged_title() [Ulearn | ULearn English School Dublin Blog] [ - Part 8]
2014-01-25 13:10:07 paged_title() [Ulearn | ULearn English School Dublin Blog] [ - Part 9]
2014-01-25 13:10:07 paged_title() [Ulearn | ULearn English School Dublin Blog] [ - Part 11]
2014-01-25 13:10:11 paged_title() [English School Dublin, English Courses, Learn English in Dublin] [ - Part 3]
2014-01-25 13:10:36 paged_title() [Ulearn | ULearn English School Dublin Blog] [ - Part 5]
2014-01-25 13:10:41 paged_title() [Ulearn | ULearn English School Dublin Blog] [ - Part 3]
2014-01-25 13:10:41 paged_title() [Ulearn | ULearn English School Dublin Blog] [ - Part 6]
2014-01-25 13:10:42 paged_title() [Ulearn | ULearn English School Dublin Blog] [ - Part 7]
2014-01-25 13:10:43 paged_title() [Ulearn | ULearn English School Dublin Blog] [ - Part 12]
2014-01-25 13:12:21 paged_title() [] [ - Part 3]
2014-01-25 13:12:22 paged_title() [] [ - Part 2]
2014-01-25 13:12:23 paged_title() [] [ - Part 4]
2014-01-25 13:12:24 paged_title() [] [ - Part 5]
2014-01-25 13:12:25 paged_title() [] [ - Part 10]
2014-01-25 13:12:25 paged_title() [] [ - Part 12]
2014-01-25 13:12:29 paged_title() [] [ - Part 5]
2014-01-25 13:12:31 paged_title() [] [ - Part 6]
2014-01-25 13:12:31 paged_title() [] [ - Part 7]
2014-01-25 13:12:33 paged_title() [] [ - Part 12]
2014-01-25 13:12:35 paged_title() [] [ - Part 11]
2014-01-25 13:12:35 paged_title() [] [ - Part 9]
2014-01-25 13:12:36 paged_title() [] [ - Part 8]
2014-01-25 13:14:12 paged_title() [] [ - Part 6]
2014-01-25 13:14:15 paged_title() [] [ - Part 5]
2014-01-25 13:14:16 paged_title() [] [ - Part 12]
2014-01-25 13:15:43 paged_title() [Socials | ULearn English School Dublin Blog] [ - Part 2]
2014-01-25 13:15:44 paged_title() [Socials | ULearn English School Dublin Blog] [ - Part 4]
2014-01-25 13:15:45 paged_title() [Socials | ULearn English School Dublin Blog] [ - Part 5]
2014-01-25 13:15:46 paged_title() [Socials | ULearn English School Dublin Blog] [ - Part 6]
2014-01-25 13:15:46 paged_title() [Socials | ULearn English School Dublin Blog] [ - Part 3]
2014-01-25 13:59:33 paged_title() [English School Dublin, English Courses, Learn English in Dublin] [ - Part 3]
2014-01-25 14:17:03 paged_title() [] [ - Part 9]
2014-01-25 14:19:43 paged_title() [] [ - Part 4]
2014-01-25 14:19:46 paged_title() [] [ - Part 6]
2014-01-25 14:24:38 paged_title() [English School Dublin, English Courses, Learn English in Dublin] [ - Part 5]
2014-01-25 14:24:39 paged_title() [English School Dublin, English Courses, Learn English in Dublin] [ - Part 6]
2014-01-25 14:25:14 paged_title() [Ulearn | ULearn English School Dublin Blog] [ - Part 9]
2014-01-25 14:42:04 paged_title() [English School Dublin, English Courses, Learn English in Dublin] [ - Part 6]
2014-01-25 14:46:21 paged_title() [] [ - Part 2]
2014-01-25 14:46:23 paged_title() [] [ - Part 4]
2014-01-25 14:51:57 paged_title() [Socials | ULearn English School Dublin Blog] [ - Part 5]
2014-01-25 14:54:40 paged_title() [Ulearn | ULearn English School Dublin Blog] [ - Part 6]
2014-01-25 14:54:42 paged_title() [Ulearn | ULearn English School Dublin Blog] [ - Part 5]
2014-01-25 15:01:18 paged_title() [Ulearn | ULearn English School Dublin Blog] [ - Part 7]
2014-01-25 15:01:20 paged_title() [Ulearn | ULearn English School Dublin Blog] [ - Part 6]
2014-01-25 15:01:20 paged_title() [Ulearn | ULearn English School Dublin Blog] [ - Part 9]
2014-01-25 15:07:20 paged_title() [English School Dublin, English Courses, Learn English in Dublin] [ - Part 6]
2014-01-25 15:16:05 paged_title() [] [ - Part 11]
2014-01-25 15:16:08 paged_title() [] [ - Part 9]
2014-01-25 15:22:09 paged_title() [Dublin | ULearn English School Dublin Blog] [ - Part 2]
2014-01-25 15:25:28 paged_title() [] [ - Part 8]
2014-01-25 15:26:05 paged_title() [English School Dublin, English Courses, Learn English in Dublin] [ - Part 2]
2014-01-25 15:30:40 paged_title() [Socials | ULearn English School Dublin Blog] [ - Part 2]
2014-01-25 15:30:43 paged_title() [Socials | ULearn English School Dublin Blog] [ - Part 5]
2014-01-25 15:38:24 paged_title() [English School Dublin, English Courses, Learn English in Dublin] [ - Part 8]
2014-01-25 15:39:01 paged_title() [English School Dublin, English Courses, Learn English in Dublin] [ - Part 4]
2014-01-25 15:39:25 paged_title() [English School Dublin, English Courses, Learn English in Dublin] [ - Part 7]
2014-01-25 15:40:45 paged_title() [English School Dublin, English Courses, Learn English in Dublin] [ - Part 12]
2014-01-25 17:39:36 paged_title() [English School Dublin, English Courses, Learn English in Dublin] [ - Part 2]
2014-01-25 17:48:03 paged_title() [Ulearn | ULearn English School Dublin Blog] [ - Part 6]
2014-01-25 21:10:19 paged_title() [] [ - Part 6]
2014-01-25 22:25:27 paged_title() [Ulearn | ULearn English School Dublin Blog] [ - Part 3]
2014-01-25 22:50:24 paged_title() [English School Dublin, English Courses, Learn English in Dublin] [ - Part 6]
2014-01-26 01:13:09 paged_title() [Ulearn | ULearn English School Dublin Blog] [ - Part 10]
2014-01-26 01:59:01 paged_title() [] [ - Part 9]
2014-01-26 02:06:25 paged_title() [] [ - Part 9]
2014-01-26 03:36:11 paged_title() [English School Dublin, English Courses, Learn English in Dublin] [ - Part 5]
2014-01-26 06:16:26 paged_title() [] [ - Part 5]
2014-01-26 06:19:45 paged_title() [] [ - Part 8]
2014-01-26 08:40:51 paged_title() [Ulearn | ULearn English School Dublin Blog] [ - Part 4]
2014-01-26 09:00:05 paged_title() [English School Dublin, English Courses, Learn English in Dublin] [ - Part 4]
2014-01-26 14:10:09 paged_title() [Socials | ULearn English School Dublin Blog] [ - Part 3]
2014-01-26 15:37:08 paged_title() [] [ - Part 11]
2014-01-27 00:24:28 paged_title() [English School Dublin, English Courses, Learn English in Dublin] [ - Part 11]
2014-01-27 01:14:10 paged_title() [English School Dublin, English Courses, Learn English in Dublin] [ - Part 4]
2014-01-27 01:19:43 paged_title() [English School Dublin, English Courses, Learn English in Dublin] [ - Part 10]
2014-01-27 14:39:06 paged_title() [Ulearn | ULearn English School Dublin Blog] [ - Part 12]
2014-01-27 16:41:48 paged_title() [] [ - Part 4]
2014-01-27 18:13:29 paged_title() [Dublin | ULearn English School Dublin Blog] [ - Part 2]
2014-01-27 20:09:02 paged_title() [Ulearn | ULearn English School Dublin Blog] [ - Part 8]
2014-01-27 20:15:44 paged_title() [Ulearn | ULearn English School Dublin Blog] [ - Part 5]
2014-01-27 20:21:52 paged_title() [Ulearn | ULearn English School Dublin Blog] [ - Part 4]
2014-01-27 20:21:53 paged_title() [Ulearn | ULearn English School Dublin Blog] [ - Part 12]
2014-01-27 20:31:39 paged_title() [Ulearn | ULearn English School Dublin Blog] [ - Part 2]
2014-01-27 22:10:48 paged_title() [Ulearn | ULearn English School Dublin Blog] [ - Part 6]
2014-01-28 00:17:35 paged_title() [Ulearn | ULearn English School Dublin Blog] [ - Part 3]
2014-01-28 07:33:59 paged_title() [] [ - Part 10]
2014-01-28 11:36:47 paged_title() [English School Dublin, English Courses, Learn English in Dublin] [ - Part 11]
2014-01-28 12:15:15 paged_title() [Ulearn | ULearn English School Dublin Blog] [ - Part 9]
2014-01-28 12:51:42 paged_title() [Ulearn | ULearn English School Dublin Blog] [ - Part 4]
2014-01-28 14:13:10 paged_title() [Socials | ULearn English School Dublin Blog] [ - Part 6]
2014-01-28 15:10:22 paged_title() [Socials | ULearn English School Dublin Blog] [ - Part 4]
2014-01-28 19:43:05 paged_title() [English School Dublin, English Courses, Learn English in Dublin] [ - Part 2]
2014-01-28 20:33:42 paged_title() [English School Dublin, English Courses, Learn English in Dublin] [ - Part 3]
2014-01-28 20:52:14 paged_title() [] [ - Part 4]
2014-01-28 21:47:51 paged_title() [English School Dublin, English Courses, Learn English in Dublin] [ - Part 2]
2014-01-28 22:04:09 paged_title() [English School Dublin, English Courses, Learn English in Dublin] [ - Part 5]
2014-01-28 22:28:54 paged_title() [English School Dublin, English Courses, Learn English in Dublin] [ - Part 12]
2014-01-28 23:28:06 paged_title() [March, 2012 | ULearn English School Dublin Blog] [ - Part 2]
2014-01-29 00:56:55 paged_title() [15/04/2011 | ULearn English School Dublin Blog] [ - Part 2]
2014-01-29 01:46:29 paged_title() [] [ - Part 3]
2014-01-29 02:57:22 paged_title() [English School Dublin, English Courses, Learn English in Dublin] [ - Part 12]
2014-01-29 04:54:36 paged_title() [] [ - Part 9]
2014-01-29 05:36:16 paged_title() [English School Dublin, English Courses, Learn English in Dublin] [ - Part 3]
2014-01-29 05:36:19 paged_title() [English School Dublin, English Courses, Learn English in Dublin] [ - Part 3]
2014-01-29 05:38:00 paged_title() [] [ - Part 10]
2014-01-29 05:38:02 paged_title() [] [ - Part 5]
2014-01-29 05:38:05 paged_title() [] [ - Part 5]
2014-01-29 05:44:43 paged_title() [Socials | ULearn English School Dublin Blog] [ - Part 2]
2014-01-29 05:44:46 paged_title() [Socials | ULearn English School Dublin Blog] [ - Part 3]
2014-01-29 05:45:01 paged_title() [Ulearn | ULearn English School Dublin Blog] [ - Part 3]
2014-01-29 05:48:53 paged_title() [English School Dublin, English Courses, Learn English in Dublin] [ - Part 10]
2014-01-29 05:48:57 paged_title() [English School Dublin, English Courses, Learn English in Dublin] [ - Part 2]
2014-01-29 05:49:00 paged_title() [English School Dublin, English Courses, Learn English in Dublin] [ - Part 3]
2014-01-29 05:49:03 paged_title() [English School Dublin, English Courses, Learn English in Dublin] [ - Part 4]
2014-01-29 05:49:06 paged_title() [English School Dublin, English Courses, Learn English in Dublin] [ - Part 5]
2014-01-29 05:49:09 paged_title() [English School Dublin, English Courses, Learn English in Dublin] [ - Part 6]
2014-01-29 05:49:12 paged_title() [English School Dublin, English Courses, Learn English in Dublin] [ - Part 7]
2014-01-29 06:10:28 paged_title() [] [ - Part 4]
2014-01-29 07:10:16 paged_title() [] [ - Part 4]
2014-01-29 13:15:54 paged_title() [English School Dublin, English Courses, Learn English in Dublin] [ - Part 2]
2014-01-29 16:48:22 paged_title() [Ulearn | ULearn English School Dublin Blog] [ - Part 11]
2014-01-29 17:04:59 paged_title() [Ulearn | ULearn English School Dublin Blog] [ - Part 10]
2014-01-29 18:43:41 paged_title() [Ulearn | ULearn English School Dublin Blog] [ - Part 5]
2014-01-29 19:36:12 paged_title() [Socials | ULearn English School Dublin Blog] [ - Part 3]
2014-01-29 20:59:06 paged_title() [English School Dublin, English Courses, Learn English in Dublin] [ - Part 10]
2014-01-29 22:12:16 paged_title() [English School Dublin, English Courses, Learn English in Dublin] [ - Part 10]
2014-01-29 22:15:54 paged_title() [English School Dublin, English Courses, Learn English in Dublin] [ - Part 2]
2014-01-30 00:00:43 paged_title() [Dublin | ULearn English School Dublin Blog] [ - Part 2]
2014-01-30 02:39:19 paged_title() [English School Dublin, English Courses, Learn English in Dublin] [ - Part 2]
2014-01-30 05:53:32 paged_title() [May, 2012 | ULearn English School Dublin Blog] [ - Part 2]
2014-01-30 06:36:03 paged_title() [] [ - Part 11]
2014-01-30 06:49:16 paged_title() [English School Dublin, English Courses, Learn English in Dublin] [ - Part 4]
2014-01-30 07:04:16 paged_title() [English School Dublin, English Courses, Learn English in Dublin] [ - Part 10]
2014-01-30 08:03:06 paged_title() [] [ - Part 2]
2014-01-30 08:08:32 paged_title() [English School Dublin, English Courses, Learn English in Dublin] [ - Part 11]
2014-01-30 16:10:27 paged_title() [English School Dublin, English Courses, Learn English in Dublin] [ - Part 12]
2014-01-30 16:34:44 paged_title() [] [ - Part 11]
2014-01-30 16:42:33 paged_title() [] [ - Part 8]
2014-01-30 16:46:43 paged_title() [] [ - Part 9]
2014-01-30 16:48:48 paged_title() [] [ - Part 12]
2014-01-30 16:55:28 paged_title() [] [ - Part 6]
2014-01-30 17:13:29 paged_title() [Ulearn | ULearn English School Dublin Blog] [ - Part 9]
2014-01-30 18:59:57 paged_title() [] [ - Part 4]
2014-01-30 19:23:06 paged_title() [English School Dublin, English Courses, Learn English in Dublin] [ - Part 2]
2014-01-30 19:23:08 paged_title() [English School Dublin, English Courses, Learn English in Dublin] [ - Part 10]
2014-01-30 19:23:09 paged_title() [English School Dublin, English Courses, Learn English in Dublin] [ - Part 3]
2014-01-30 19:23:13 paged_title() [English School Dublin, English Courses, Learn English in Dublin] [ - Part 5]
2014-01-30 19:23:25 paged_title() [English School Dublin, English Courses, Learn English in Dublin] [ - Part 12]
2014-01-30 19:23:26 paged_title() [English School Dublin, English Courses, Learn English in Dublin] [ - Part 4]
2014-01-30 19:24:08 paged_title() [English School Dublin, English Courses, Learn English in Dublin] [ - Part 7]
2014-01-30 19:24:10 paged_title() [English School Dublin, English Courses, Learn English in Dublin] [ - Part 6]
2014-01-30 19:24:12 paged_title() [English School Dublin, English Courses, Learn English in Dublin] [ - Part 9]
2014-01-30 19:24:18 paged_title() [English School Dublin, English Courses, Learn English in Dublin] [ - Part 8]
2014-01-30 19:24:24 paged_title() [English School Dublin, English Courses, Learn English in Dublin] [ - Part 11]
2014-01-30 19:24:31 paged_title() [Socials | ULearn English School Dublin Blog] [ - Part 4]
2014-01-30 19:24:33 paged_title() [Socials | ULearn English School Dublin Blog] [ - Part 3]
2014-01-30 19:24:54 paged_title() [] [ - Part 12]
2014-01-30 19:25:12 paged_title() [Socials | ULearn English School Dublin Blog] [ - Part 7]
2014-01-30 19:25:22 paged_title() [] [ - Part 2]
2014-01-30 19:25:23 paged_title() [Socials | ULearn English School Dublin Blog] [ - Part 2]
2014-01-30 19:25:29 paged_title() [Ulearn | ULearn English School Dublin Blog] [ - Part 5]
2014-01-30 19:26:23 paged_title() [Socials | ULearn English School Dublin Blog] [ - Part 5]
2014-01-30 19:26:43 paged_title() [] [ - Part 5]
2014-01-30 19:26:49 paged_title() [Ulearn | ULearn English School Dublin Blog] [ - Part 3]
2014-01-30 19:26:55 paged_title() [Ulearn | ULearn English School Dublin Blog] [ - Part 2]
2014-01-30 19:26:59 paged_title() [Dublin | ULearn English School Dublin Blog] [ - Part 2]
2014-01-30 19:27:08 paged_title() [] [ - Part 3]
2014-01-30 19:27:25 paged_title() [] [ - Part 4]
2014-01-30 19:27:29 paged_title() [Ulearn | ULearn English School Dublin Blog] [ - Part 12]
2014-01-30 19:27:34 paged_title() [Ulearn | ULearn English School Dublin Blog] [ - Part 10]
2014-01-30 19:28:24 paged_title() [Ulearn | ULearn English School Dublin Blog] [ - Part 4]
2014-01-30 19:28:47 paged_title() [] [ - Part 10]
2014-01-30 19:36:15 paged_title() [] [ - Part 11]
2014-01-30 19:36:17 paged_title() [Ulearn | ULearn English School Dublin Blog] [ - Part 11]
2014-01-30 19:36:29 paged_title() [Ulearn | ULearn English School Dublin Blog] [ - Part 9]
2014-01-30 19:38:54 paged_title() [Ulearn | ULearn English School Dublin Blog] [ - Part 6]
2014-01-30 19:40:11 paged_title() [Ulearn | ULearn English School Dublin Blog] [ - Part 7]
2014-01-30 19:42:58 paged_title() [] [ - Part 8]
2014-01-30 19:45:16 paged_title() [] [ - Part 6]
2014-01-30 19:45:50 paged_title() [Ulearn | ULearn English School Dublin Blog] [ - Part 8]
2014-01-30 19:46:31 paged_title() [] [ - Part 7]
2014-01-30 19:48:48 paged_title() [Socials | ULearn English School Dublin Blog] [ - Part 6]
2014-01-30 20:09:23 paged_title() [Socials | ULearn English School Dublin Blog] [ - Part 3]
2014-01-30 22:07:30 paged_title() [English School Dublin, English Courses, Learn English in Dublin] [ - Part 2]
2014-01-30 22:08:08 paged_title() [English School Dublin, English Courses, Learn English in Dublin] [ - Part 4]
2014-01-30 22:08:16 paged_title() [English School Dublin, English Courses, Learn English in Dublin] [ - Part 6]
2014-01-30 22:08:25 paged_title() [English School Dublin, English Courses, Learn English in Dublin] [ - Part 7]
2014-01-30 22:09:17 paged_title() [English School Dublin, English Courses, Learn English in Dublin] [ - Part 5]
2014-01-30 22:10:17 paged_title() [English School Dublin, English Courses, Learn English in Dublin] [ - Part 8]
2014-01-30 22:10:49 paged_title() [English School Dublin, English Courses, Learn English in Dublin] [ - Part 3]
2014-01-30 22:11:07 paged_title() [English School Dublin, English Courses, Learn English in Dublin] [ - Part 9]
2014-01-30 22:12:27 paged_title() [English School Dublin, English Courses, Learn English in Dublin] [ - Part 12]
2014-01-30 22:12:49 paged_title() [English School Dublin, English Courses, Learn English in Dublin] [ - Part 11]
2014-01-30 22:13:11 paged_title() [English School Dublin, English Courses, Learn English in Dublin] [ - Part 10]
2014-01-30 23:32:55 paged_title() [] [ - Part 10]
2014-01-31 01:04:07 paged_title() [English School Dublin, English Courses, Learn English in Dublin] [ - Part 10]
2014-01-31 01:47:01 paged_title() [English School Dublin, English Courses, Learn English in Dublin] [ - Part 3]
2014-01-31 02:00:41 paged_title() [English School Dublin, English Courses, Learn English in Dublin] [ - Part 6]
2014-01-31 03:56:34 paged_title() [Socials | ULearn English School Dublin Blog] [ - Part 5]
2014-01-31 04:30:06 paged_title() [April, 2011 | ULearn English School Dublin Blog] [ - Part 2]
2014-01-31 05:24:18 paged_title() [] [ - Part 8]
2014-01-31 05:47:32 paged_title() [] [ - Part 12]
2014-01-31 07:00:03 paged_title() [] [ - Part 9]
2014-01-31 07:42:43 paged_title() [English School Dublin, English Courses, Learn English in Dublin] [ - Part 12]
2014-01-31 10:10:19 paged_title() [English School Dublin, English Courses, Learn English in Dublin] [ - Part 2]
2014-01-31 13:04:17 paged_title() [English School Dublin, English Courses, Learn English in Dublin] [ - Part 4]
2014-01-31 17:00:47 paged_title() [English School Dublin, English Courses, Learn English in Dublin] [ - Part 10]
2014-01-31 18:15:06 paged_title() [English School Dublin, English Courses, Learn English in Dublin] [ - Part 6]
2014-01-31 18:43:27 paged_title() [English School Dublin, English Courses, Learn English in Dublin] [ - Part 7]
2014-01-31 21:33:44 paged_title() [English School Dublin, English Courses, Learn English in Dublin] [ - Part 4]
2014-01-31 23:03:52 paged_title() [Dublin | ULearn English School Dublin Blog] [ - Part 2]
2014-01-31 23:25:44 paged_title() [] [ - Part 2]
2014-02-01 02:03:43 paged_title() [] [ - Part 11]
2014-02-01 03:50:30 paged_title() [English School Dublin, English Courses, Learn English in Dublin] [ - Part 5]
2014-02-01 04:24:25 paged_title() [English School Dublin, English Courses, Learn English in Dublin] [ - Part 3]
2014-02-01 06:32:52 paged_title() [English School Dublin, English Courses, Learn English in Dublin] [ - Part 3]
2014-02-01 08:24:11 paged_title() [] [ - Part 5]
2014-02-01 09:00:21 paged_title() [Ulearn | ULearn English School Dublin Blog] [ - Part 9]
2014-02-01 09:06:37 paged_title() [Ulearn | ULearn English School Dublin Blog] [ - Part 7]
2014-02-01 10:33:55 paged_title() [] [ - Part 7]
2014-02-01 10:35:16 paged_title() [English School Dublin, English Courses, Learn English in Dublin] [ - Part 5]
2014-02-01 10:35:24 paged_title() [English School Dublin, English Courses, Learn English in Dublin] [ - Part 4]
2014-02-01 10:35:32 paged_title() [English School Dublin, English Courses, Learn English in Dublin] [ - Part 12]
2014-02-01 10:35:44 paged_title() [English School Dublin, English Courses, Learn English in Dublin] [ - Part 10]
2014-02-01 11:29:40 paged_title() [Ulearn | ULearn English School Dublin Blog] [ - Part 5]
2014-02-01 11:32:51 paged_title() [Socials | ULearn English School Dublin Blog] [ - Part 4]
2014-02-01 11:50:09 paged_title() [] [ - Part 10]
2014-02-01 13:07:56 paged_title() [English School Dublin, English Courses, Learn English in Dublin] [ - Part 10]
2014-02-01 13:49:43 paged_title() [Socials | ULearn English School Dublin Blog] [ - Part 5]
2014-02-01 13:56:34 paged_title() [English School Dublin, English Courses, Learn English in Dublin] [ - Part 2]
2014-02-01 14:11:47 paged_title() [Ulearn | ULearn English School Dublin Blog] [ - Part 12]
2014-02-01 17:27:30 paged_title() [Ulearn | ULearn English School Dublin Blog] [ - Part 3]
2014-02-01 17:33:19 paged_title() [English School Dublin, English Courses, Learn English in Dublin] [ - Part 10]
2014-02-01 18:06:13 paged_title() [Ulearn | ULearn English School Dublin Blog] [ - Part 4]
2014-02-01 22:38:57 paged_title() [] [ - Part 12]
2014-02-02 02:56:19 paged_title() [] [ - Part 9]
2014-02-02 02:56:26 paged_title() [] [ - Part 8]
2014-02-02 02:56:32 paged_title() [] [ - Part 5]
2014-02-02 02:56:38 paged_title() [] [ - Part 4]
2014-02-02 02:56:45 paged_title() [] [ - Part 2]
2014-02-02 02:56:57 paged_title() [] [ - Part 11]
2014-02-02 02:57:05 paged_title() [] [ - Part 10]
2014-02-02 07:26:13 paged_title() [Ulearn | ULearn English School Dublin Blog] [ - Part 9]
2014-02-02 09:41:56 paged_title() [] [ - Part 11]
2014-02-02 09:54:52 paged_title() [] [ - Part 12]
2014-02-02 11:17:17 paged_title() [English School Dublin, English Courses, Learn English in Dublin] [ - Part 5]
2014-02-02 11:40:41 paged_title() [Ulearn | ULearn English School Dublin Blog] [ - Part 10]
2014-02-02 12:21:53 paged_title() [English School Dublin, English Courses, Learn English in Dublin] [ - Part 2]
2014-02-02 12:21:56 paged_title() [English School Dublin, English Courses, Learn English in Dublin] [ - Part 2]
2014-02-02 13:54:30 paged_title() [] [ - Part 5]
2014-02-02 18:20:40 paged_title() [] [ - Part 7]
2014-02-02 18:20:49 paged_title() [] [ - Part 6]
2014-02-02 18:20:54 paged_title() [] [ - Part 4]
2014-02-02 18:21:00 paged_title() [] [ - Part 12]
2014-02-02 18:21:09 paged_title() [] [ - Part 10]
2014-02-02 18:51:31 paged_title() [English School Dublin, English Courses, Learn English in Dublin] [ - Part 9]
2014-02-02 19:32:51 paged_title() [] [ - Part 5]
2014-02-02 23:13:52 paged_title() [English School Dublin, English Courses, Learn English in Dublin] [ - Part 4]
2014-02-03 03:35:19 paged_title() [] [ - Part 12]
2014-02-03 03:35:26 paged_title() [] [ - Part 11]
2014-02-03 03:36:14 paged_title() [] [ - Part 4]
2014-02-03 03:36:24 paged_title() [] [ - Part 3]
2014-02-03 03:36:32 paged_title() [] [ - Part 2]
2014-02-03 03:36:48 paged_title() [] [ - Part 12]
2014-02-03 03:37:01 paged_title() [] [ - Part 10]
2014-02-03 03:55:58 paged_title() [English School Dublin, English Courses, Learn English in Dublin] [ - Part 4]
2014-02-03 09:22:18 paged_title() [English School Dublin, English Courses, Learn English in Dublin] [ - Part 2]
2014-02-03 10:20:57 paged_title() [English School Dublin, English Courses, Learn English in Dublin] [ - Part 11]
2014-02-03 20:22:23 paged_title() [Ulearn | ULearn English School Dublin Blog] [ - Part 3]
2014-02-03 22:02:00 paged_title() [English School Dublin, English Courses, Learn English in Dublin] [ - Part 11]
2014-02-03 23:23:47 paged_title() [Ulearn | ULearn English School Dublin Blog] [ - Part 7]
2014-02-03 23:46:02 paged_title() [English School Dublin, English Courses, Learn English in Dublin] [ - Part 6]
2014-02-03 23:55:27 paged_title() [] [ - Part 8]
2014-02-03 23:55:35 paged_title() [] [ - Part 6]
2014-02-03 23:55:41 paged_title() [] [ - Part 5]
2014-02-03 23:55:51 paged_title() [] [ - Part 10]
2014-02-04 02:08:53 paged_title() [Ulearn | ULearn English School Dublin Blog] [ - Part 8]
2014-02-04 07:08:48 paged_title() [] [ - Part 7]
2014-02-04 07:56:51 paged_title() [] [ - Part 9]
2014-02-04 07:57:01 paged_title() [] [ - Part 8]
2014-02-04 08:30:59 paged_title() [] [ - Part 11]
2014-02-04 10:01:31 paged_title() [] [ - Part 7]
2014-02-04 10:02:28 paged_title() [] [ - Part 12]
2014-02-04 10:32:52 paged_title() [English School Dublin, English Courses, Learn English in Dublin] [ - Part 10]
2014-02-04 13:44:41 paged_title() [] [ - Part 6]
2014-02-04 14:09:22 paged_title() [] [ - Part 8]
2014-02-04 14:09:30 paged_title() [] [ - Part 7]
2014-02-04 14:09:39 paged_title() [] [ - Part 6]
2014-02-04 14:09:44 paged_title() [] [ - Part 5]
2014-02-04 14:09:48 paged_title() [] [ - Part 4]
2014-02-04 14:10:00 paged_title() [] [ - Part 3]
2014-02-04 14:10:07 paged_title() [] [ - Part 2]
2014-02-04 14:10:14 paged_title() [] [ - Part 12]
2014-02-04 14:10:19 paged_title() [] [ - Part 11]
2014-02-04 14:54:48 paged_title() [] [ - Part 9]
2014-02-04 15:35:18 paged_title() [] [ - Part 10]
2014-02-04 16:03:20 paged_title() [Ulearn | ULearn English School Dublin Blog] [ - Part 2]
2014-02-04 16:22:00 paged_title() [Socials | ULearn English School Dublin Blog] [ - Part 2]
2014-02-04 16:27:10 paged_title() [] [ - Part 2]
2014-02-04 18:01:39 paged_title() [English School Dublin, English Courses, Learn English in Dublin] [ - Part 6]
2014-02-04 22:03:13 paged_title() [English School Dublin, English Courses, Learn English in Dublin] [ - Part 3]
2014-02-04 23:13:51 paged_title() [English School Dublin, English Courses, Learn English in Dublin] [ - Part 3]
2014-02-04 23:18:57 paged_title() [English School Dublin, English Courses, Learn English in Dublin] [ - Part 6]
2014-02-05 01:09:47 paged_title() [] [ - Part 11]
2014-02-05 02:03:13 paged_title() [] [ - Part 10]
2014-02-05 02:24:39 paged_title() [English School Dublin, English Courses, Learn English in Dublin] [ - Part 4]
2014-02-05 03:38:52 paged_title() [English School Dublin, English Courses, Learn English in Dublin] [ - Part 11]
2014-02-05 05:56:49 paged_title() [English School Dublin, English Courses, Learn English in Dublin] [ - Part 2]
2014-02-05 06:14:34 paged_title() [English School Dublin, English Courses, Learn English in Dublin] [ - Part 12]
2014-02-05 06:16:44 paged_title() [English School Dublin, English Courses, Learn English in Dublin] [ - Part 10]
2014-02-05 06:21:21 paged_title() [English School Dublin, English Courses, Learn English in Dublin] [ - Part 2]
2014-02-05 06:27:07 paged_title() [English School Dublin, English Courses, Learn English in Dublin] [ - Part 4]
2014-02-05 06:28:30 paged_title() [English School Dublin, English Courses, Learn English in Dublin] [ - Part 5]
2014-02-05 06:37:52 paged_title() [Socials | ULearn English School Dublin Blog] [ - Part 7]
2014-02-05 06:39:25 paged_title() [Socials | ULearn English School Dublin Blog] [ - Part 5]
2014-02-05 06:41:24 paged_title() [Socials | ULearn English School Dublin Blog] [ - Part 4]
2014-02-05 06:42:43 paged_title() [English School Dublin, English Courses, Learn English in Dublin] [ - Part 9]
2014-02-05 06:47:39 paged_title() [English School Dublin, English Courses, Learn English in Dublin] [ - Part 11]
2014-02-05 06:56:29 paged_title() [Socials | ULearn English School Dublin Blog] [ - Part 3]
2014-02-05 06:57:09 paged_title() [English School Dublin, English Courses, Learn English in Dublin] [ - Part 6]
2014-02-05 06:58:17 paged_title() [Socials | ULearn English School Dublin Blog] [ - Part 2]
2014-02-05 07:00:15 paged_title() [English School Dublin, English Courses, Learn English in Dublin] [ - Part 8]
2014-02-05 07:00:29 paged_title() [Dublin | ULearn English School Dublin Blog] [ - Part 2]
2014-02-05 07:03:22 paged_title() [Socials | ULearn English School Dublin Blog] [ - Part 6]
2014-02-05 07:04:45 paged_title() [15/04/2011 | ULearn English School Dublin Blog] [ - Part 2]
2014-02-05 07:17:13 paged_title() [English School Dublin, English Courses, Learn English in Dublin] [ - Part 7]
2014-02-05 07:21:23 paged_title() [Ulearn | ULearn English School Dublin Blog] [ - Part 10]
2014-02-05 08:03:54 paged_title() [English School Dublin, English Courses, Learn English in Dublin] [ - Part 11]
2014-02-05 08:04:52 paged_title() [Socials | ULearn English School Dublin Blog] [ - Part 2]
2014-02-05 12:25:09 paged_title() [] [ - Part 12]
2014-02-05 14:02:16 paged_title() [Socials | ULearn English School Dublin Blog] [ - Part 4]
2014-02-05 22:36:40 paged_title() [] [ - Part 12]
2014-02-05 22:50:06 paged_title() [Ulearn | ULearn English School Dublin Blog] [ - Part 6]
2014-02-06 00:07:44 paged_title() [English School Dublin, English Courses, Learn English in Dublin] [ - Part 9]
2014-02-06 03:10:26 paged_title() [] [ - Part 9]
2014-02-06 10:12:18 paged_title() [] [ - Part 2]
2014-02-06 13:51:25 paged_title() [] [ - Part 3]
2014-02-06 14:27:46 paged_title() [] [ - Part 12]
2014-02-06 16:02:09 paged_title() [Ulearn | ULearn English School Dublin Blog] [ - Part 7]
2014-02-06 16:24:15 paged_title() [English School Dublin, English Courses, Learn English in Dublin] [ - Part 5]
2014-02-06 17:36:49 paged_title() [] [ - Part 4]
2014-02-06 19:56:51 paged_title() [Ulearn | ULearn English School Dublin Blog] [ - Part 11]
2014-02-06 21:02:49 paged_title() [] [ - Part 5]
2014-02-06 22:44:56 paged_title() [English School Dublin, English Courses, Learn English in Dublin] [ - Part 10]
2014-02-07 01:19:58 paged_title() [] [ - Part 10]
2014-02-07 05:42:25 paged_title() [English School Dublin, English Courses, Learn English in Dublin] [ - Part 4]
2014-02-07 06:06:09 paged_title() [] [ - Part 8]
2014-02-07 07:05:25 paged_title() [March, 2012 | ULearn English School Dublin Blog] [ - Part 2]
2014-02-07 09:16:34 paged_title() [March, 2012 | ULearn English School Dublin Blog] [ - Part 2]
2014-02-07 10:58:24 paged_title() [English School Dublin, English Courses, Learn English in Dublin] [ - Part 2]
2014-02-07 13:10:09 paged_title() [] [ - Part 11]
2014-02-07 14:02:51 paged_title() [Ulearn | ULearn English School Dublin Blog] [ - Part 12]
2014-02-07 14:07:37 paged_title() [] [ - Part 8]
2014-02-07 15:47:46 paged_title() [] [ - Part 12]
2014-02-07 15:57:36 paged_title() [Socials | ULearn English School Dublin Blog] [ - Part 5]
2014-02-07 16:16:25 paged_title() [] [ - Part 12]
2014-02-07 19:57:15 paged_title() [] [ - Part 11]
2014-02-07 20:39:52 paged_title() [Ulearn | ULearn English School Dublin Blog] [ - Part 10]
2014-02-07 23:51:56 paged_title() [] [ - Part 3]
2014-02-08 00:16:48 paged_title() [English School Dublin, English Courses, Learn English in Dublin] [ - Part 12]
2014-02-08 10:06:16 paged_title() [] [ - Part 8]
2014-02-08 10:06:23 paged_title() [] [ - Part 5]
2014-02-08 10:06:30 paged_title() [] [ - Part 4]
2014-02-08 10:06:36 paged_title() [] [ - Part 3]
2014-02-08 10:06:43 paged_title() [] [ - Part 10]
2014-02-08 10:26:56 paged_title() [English School Dublin, English Courses, Learn English in Dublin] [ - Part 6]
2014-02-08 11:32:47 paged_title() [English School Dublin, English Courses, Learn English in Dublin] [ - Part 12]
2014-02-08 17:26:47 paged_title() [English School Dublin, English Courses, Learn English in Dublin] [ - Part 4]
2014-02-08 17:29:05 paged_title() [English School Dublin, English Courses, Learn English in Dublin] [ - Part 2]
2014-02-08 17:41:20 paged_title() [English School Dublin, English Courses, Learn English in Dublin] [ - Part 12]
2014-02-08 18:07:33 paged_title() [Ulearn | ULearn English School Dublin Blog] [ - Part 3]
2014-02-08 19:57:17 paged_title() [English School Dublin, English Courses, Learn English in Dublin] [ - Part 10]
2014-02-09 00:05:42 paged_title() [English School Dublin, English Courses, Learn English in Dublin] [ - Part 2]
2014-02-09 04:25:53 paged_title() [] [ - Part 9]
2014-02-09 04:26:00 paged_title() [] [ - Part 8]
2014-02-09 04:26:06 paged_title() [] [ - Part 7]
2014-02-09 04:26:12 paged_title() [] [ - Part 6]
2014-02-09 04:26:23 paged_title() [] [ - Part 5]
2014-02-09 04:26:31 paged_title() [] [ - Part 4]
2014-02-09 04:26:40 paged_title() [] [ - Part 2]
2014-02-09 04:26:51 paged_title() [] [ - Part 12]
2014-02-09 04:26:58 paged_title() [] [ - Part 11]
2014-02-09 04:27:06 paged_title() [] [ - Part 10]
2014-02-09 06:36:19 paged_title() [] [ - Part 2]
2014-02-09 09:49:03 paged_title() [English School Dublin, English Courses, Learn English in Dublin] [ - Part 3]
2014-02-09 09:52:15 paged_title() [English School Dublin, English Courses, Learn English in Dublin] [ - Part 6]
2014-02-09 11:23:34 paged_title() [English School Dublin, English Courses, Learn English in Dublin] [ - Part 4]
2014-02-09 11:37:11 paged_title() [] [ - Part 4]
2014-02-09 16:37:40 paged_title() [English School Dublin, English Courses, Learn English in Dublin] [ - Part 7]
2014-02-09 16:53:40 paged_title() [Ulearn | ULearn English School Dublin Blog] [ - Part 10]
2014-02-09 18:00:24 paged_title() [English School Dublin, English Courses, Learn English in Dublin] [ - Part 12]
2014-02-09 20:09:08 paged_title() [] [ - Part 8]
2014-02-09 20:34:46 paged_title() [English School Dublin, English Courses, Learn English in Dublin] [ - Part 3]
2014-02-10 00:45:15 paged_title() [English School Dublin, English Courses, Learn English in Dublin] [ - Part 2]
2014-02-10 07:30:50 paged_title() [English School Dublin, English Courses, Learn English in Dublin] [ - Part 11]
2014-02-10 15:42:47 paged_title() [] [ - Part 11]
2014-02-10 19:36:27 paged_title() [] [ - Part 6]
2014-02-10 19:36:36 paged_title() [] [ - Part 5]
2014-02-10 19:36:43 paged_title() [] [ - Part 3]
2014-02-10 19:36:51 paged_title() [] [ - Part 2]
2014-02-10 19:37:06 paged_title() [] [ - Part 10]
2014-02-10 21:26:05 paged_title() [Ulearn | ULearn English School Dublin Blog] [ - Part 12]
2014-02-10 22:01:04 paged_title() [Ulearn | ULearn English School Dublin Blog] [ - Part 10]
2014-02-10 22:23:04 paged_title() [] [ - Part 9]
2014-02-10 22:23:12 paged_title() [] [ - Part 8]
2014-02-10 22:23:17 paged_title() [] [ - Part 2]
2014-02-10 22:23:22 paged_title() [] [ - Part 12]
2014-02-10 22:23:28 paged_title() [] [ - Part 11]
2014-02-10 22:23:34 paged_title() [] [ - Part 10]
2014-02-11 00:18:43 paged_title() [15/04/2011 | ULearn English School Dublin Blog] [ - Part 2]
2014-02-11 00:26:43 paged_title() [English School Dublin, English Courses, Learn English in Dublin] [ - Part 5]
2014-02-11 00:26:51 paged_title() [English School Dublin, English Courses, Learn English in Dublin] [ - Part 6]
2014-02-11 00:27:07 paged_title() [English School Dublin, English Courses, Learn English in Dublin] [ - Part 8]
2014-02-11 00:27:20 paged_title() [English School Dublin, English Courses, Learn English in Dublin] [ - Part 9]
2014-02-11 00:29:07 paged_title() [English School Dublin, English Courses, Learn English in Dublin] [ - Part 4]
2014-02-11 00:30:12 paged_title() [English School Dublin, English Courses, Learn English in Dublin] [ - Part 7]
2014-02-11 00:31:27 paged_title() [English School Dublin, English Courses, Learn English in Dublin] [ - Part 2]
2014-02-11 00:31:55 paged_title() [English School Dublin, English Courses, Learn English in Dublin] [ - Part 3]
2014-02-11 02:05:41 paged_title() [Ulearn | ULearn English School Dublin Blog] [ - Part 4]
2014-02-11 02:31:10 paged_title() [English School Dublin, English Courses, Learn English in Dublin] [ - Part 2]
2014-02-11 03:29:05 paged_title() [English School Dublin, English Courses, Learn English in Dublin] [ - Part 2]
2014-02-11 05:38:45 paged_title() [] [ - Part 8]
2014-02-11 11:12:28 paged_title() [Socials | ULearn English School Dublin Blog] [ - Part 7]
2014-02-11 11:46:05 paged_title() [15/04/2011 | ULearn English School Dublin Blog] [ - Part 2]
2014-02-11 13:16:52 paged_title() [Ulearn | ULearn English School Dublin Blog] [ - Part 9]
2014-02-11 17:27:37 paged_title() [English School Dublin, English Courses, Learn English in Dublin] [ - Part 9]
2014-02-11 18:07:42 paged_title() [Socials | ULearn English School Dublin Blog] [ - Part 4]
2014-02-11 20:56:35 paged_title() [] [ - Part 6]
2014-02-11 21:53:46 paged_title() [English School Dublin, English Courses, Learn English in Dublin] [ - Part 2]
2014-02-11 21:54:08 paged_title() [English School Dublin, English Courses, Learn English in Dublin] [ - Part 2]
2014-02-11 21:54:15 paged_title() [English School Dublin, English Courses, Learn English in Dublin] [ - Part 3]
2014-02-11 21:54:31 paged_title() [English School Dublin, English Courses, Learn English in Dublin] [ - Part 3]
2014-02-11 21:54:47 paged_title() [English School Dublin, English Courses, Learn English in Dublin] [ - Part 4]
2014-02-11 22:08:42 paged_title() [Ulearn | ULearn English School Dublin Blog] [ - Part 8]
2014-02-12 00:20:15 paged_title() [Ulearn | ULearn English School Dublin Blog] [ - Part 8]
2014-02-12 01:44:01 paged_title() [] [ - Part 10]
2014-02-12 02:16:48 paged_title() [English School Dublin, English Courses, Learn English in Dublin] [ - Part 4]
2014-02-12 02:26:56 paged_title() [] [ - Part 8]
2014-02-12 05:36:07 paged_title() [English School Dublin, English Courses, Learn English in Dublin] [ - Part 12]
2014-02-12 06:16:13 paged_title() [Socials | ULearn English School Dublin Blog] [ - Part 6]
2014-02-12 08:25:17 paged_title() [English School Dublin, English Courses, Learn English in Dublin] [ - Part 5]
2014-02-12 10:12:46 paged_title() [] [ - Part 6]
2014-02-12 10:14:44 paged_title() [English School Dublin, English Courses, Learn English in Dublin] [ - Part 12]
2014-02-12 10:51:16 paged_title() [English School Dublin, English Courses, Learn English in Dublin] [ - Part 2]
2014-02-12 12:47:21 paged_title() [Socials | ULearn English School Dublin Blog] [ - Part 5]
2014-02-12 13:42:25 paged_title() [Socials | ULearn English School Dublin Blog] [ - Part 7]
2014-02-12 16:18:14 paged_title() [Socials | ULearn English School Dublin Blog] [ - Part 5]
2014-02-12 18:44:30 paged_title() [Socials | ULearn English School Dublin Blog] [ - Part 3]
2014-02-12 20:15:17 paged_title() [Ulearn | ULearn English School Dublin Blog] [ - Part 11]
2014-02-12 20:58:16 paged_title() [] [ - Part 6]
2014-02-12 23:10:48 paged_title() [English School Dublin, English Courses, Learn English in Dublin] [ - Part 10]
2014-02-13 00:42:04 paged_title() [Ulearn | ULearn English School Dublin Blog] [ - Part 2]
2014-02-13 03:18:49 paged_title() [Ulearn | ULearn English School Dublin Blog] [ - Part 4]
2014-02-13 04:13:03 paged_title() [English School Dublin, English Courses, Learn English in Dublin] [ - Part 10]
2014-02-13 05:40:23 paged_title() [] [ - Part 4]
2014-02-13 08:08:50 paged_title() [] [ - Part 7]
2014-02-13 08:49:50 paged_title() [English School Dublin, English Courses, Learn English in Dublin] [ - Part 10]
2014-02-13 09:08:00 paged_title() [] [ - Part 3]
2014-02-13 10:30:48 paged_title() [Ulearn | ULearn English School Dublin Blog] [ - Part 10]
2014-02-13 10:31:55 paged_title() [Ulearn | ULearn English School Dublin Blog] [ - Part 10]
2014-02-13 10:52:36 paged_title() [] [ - Part 8]
2014-02-13 16:10:08 paged_title() [] [ - Part 7]
2014-02-13 16:54:13 paged_title() [English School Dublin, English Courses, Learn English in Dublin] [ - Part 4]
2014-02-13 16:54:14 paged_title() [English School Dublin, English Courses, Learn English in Dublin] [ - Part 2]
2014-02-13 16:54:16 paged_title() [English School Dublin, English Courses, Learn English in Dublin] [ - Part 10]
2014-02-13 16:54:25 paged_title() [English School Dublin, English Courses, Learn English in Dublin] [ - Part 12]
2014-02-13 16:54:28 paged_title() [English School Dublin, English Courses, Learn English in Dublin] [ - Part 5]
2014-02-13 16:54:31 paged_title() [English School Dublin, English Courses, Learn English in Dublin] [ - Part 3]
2014-02-13 16:55:29 paged_title() [English School Dublin, English Courses, Learn English in Dublin] [ - Part 7]
2014-02-13 16:55:32 paged_title() [English School Dublin, English Courses, Learn English in Dublin] [ - Part 6]
2014-02-13 16:55:34 paged_title() [English School Dublin, English Courses, Learn English in Dublin] [ - Part 8]
2014-02-13 16:55:40 paged_title() [English School Dublin, English Courses, Learn English in Dublin] [ - Part 9]
2014-02-13 16:55:42 paged_title() [English School Dublin, English Courses, Learn English in Dublin] [ - Part 11]
2014-02-13 16:55:43 paged_title() [Ulearn | ULearn English School Dublin Blog] [ - Part 5]
2014-02-13 16:55:45 paged_title() [Socials | ULearn English School Dublin Blog] [ - Part 2]
2014-02-13 16:55:48 paged_title() [Ulearn | ULearn English School Dublin Blog] [ - Part 2]
2014-02-13 16:56:03 paged_title() [Ulearn | ULearn English School Dublin Blog] [ - Part 3]
2014-02-13 16:56:25 paged_title() [] [ - Part 2]
2014-02-13 16:56:42 paged_title() [Ulearn | ULearn English School Dublin Blog] [ - Part 12]
2014-02-13 16:56:57 paged_title() [Socials | ULearn English School Dublin Blog] [ - Part 3]
2014-02-13 16:57:12 paged_title() [Socials | ULearn English School Dublin Blog] [ - Part 5]
2014-02-13 16:57:14 paged_title() [] [ - Part 5]
2014-02-13 16:57:15 paged_title() [Ulearn | ULearn English School Dublin Blog] [ - Part 10]
2014-02-13 16:57:39 paged_title() [] [ - Part 3]
2014-02-13 16:57:57 paged_title() [] [ - Part 4]
2014-02-13 16:58:36 paged_title() [] [ - Part 12]
2014-02-13 16:59:03 paged_title() [Dublin | ULearn English School Dublin Blog] [ - Part 2]
2014-02-13 16:59:38 paged_title() [Socials | ULearn English School Dublin Blog] [ - Part 4]
2014-02-13 16:59:55 paged_title() [] [ - Part 10]
2014-02-13 17:01:29 paged_title() [Socials | ULearn English School Dublin Blog] [ - Part 7]
2014-02-13 17:01:38 paged_title() [Ulearn | ULearn English School Dublin Blog] [ - Part 4]
2014-02-13 17:04:03 paged_title() [Ulearn | ULearn English School Dublin Blog] [ - Part 6]
2014-02-13 17:04:41 paged_title() [Ulearn | ULearn English School Dublin Blog] [ - Part 7]
2014-02-13 17:04:50 paged_title() [] [ - Part 9]
2014-02-13 17:06:54 paged_title() [] [ - Part 8]
2014-02-13 17:10:35 paged_title() [] [ - Part 7]
2014-02-13 17:11:05 paged_title() [Ulearn | ULearn English School Dublin Blog] [ - Part 8]
2014-02-13 17:12:58 paged_title() [] [ - Part 6]
2014-02-13 17:14:56 paged_title() [Ulearn | ULearn English School Dublin Blog] [ - Part 11]
2014-02-13 17:16:02 paged_title() [] [ - Part 11]
2014-02-13 17:19:08 paged_title() [Ulearn | ULearn English School Dublin Blog] [ - Part 9]
2014-02-13 20:00:24 paged_title() [English School Dublin, English Courses, Learn English in Dublin] [ - Part 2]
2014-02-13 20:04:30 paged_title() [English School Dublin, English Courses, Learn English in Dublin] [ - Part 3]
2014-02-13 20:05:30 paged_title() [English School Dublin, English Courses, Learn English in Dublin] [ - Part 4]
2014-02-13 20:06:06 paged_title() [English School Dublin, English Courses, Learn English in Dublin] [ - Part 5]
2014-02-14 03:32:49 paged_title() [English School Dublin, English Courses, Learn English in Dublin] [ - Part 9]
2014-02-14 06:28:46 paged_title() [English School Dublin, English Courses, Learn English in Dublin] [ - Part 2]
2014-02-14 06:40:19 paged_title() [English School Dublin, English Courses, Learn English in Dublin] [ - Part 5]
2014-02-14 07:23:30 paged_title() [English School Dublin, English Courses, Learn English in Dublin] [ - Part 3]
2014-02-14 14:52:06 paged_title() [English School Dublin, English Courses, Learn English in Dublin] [ - Part 3]
2014-02-14 15:22:07 paged_title() [English School Dublin, English Courses, Learn English in Dublin] [ - Part 3]
2014-02-14 17:15:17 paged_title() [English School Dublin, English Courses, Learn English in Dublin] [ - Part 6]
2014-02-14 22:05:54 paged_title() [] [ - Part 9]
2014-02-14 22:13:33 paged_title() [English School Dublin, English Courses, Learn English in Dublin] [ - Part 4]
2014-02-15 01:12:19 paged_title() [] [ - Part 8]
2014-02-15 02:25:07 paged_title() [Socials | ULearn English School Dublin Blog] [ - Part 3]
2014-02-15 03:08:19 paged_title() [Ulearn | ULearn English School Dublin Blog] [ - Part 10]
2014-02-15 05:50:00 paged_title() [English School Dublin, English Courses, Learn English in Dublin] [ - Part 3]
2014-02-15 08:00:39 paged_title() [] [ - Part 5]
2014-02-15 08:38:32 paged_title() [Ulearn | ULearn English School Dublin Blog] [ - Part 12]
2014-02-15 09:08:10 paged_title() [English School Dublin, English Courses, Learn English in Dublin] [ - Part 4]
2014-02-15 10:07:44 paged_title() [Ulearn | ULearn English School Dublin Blog] [ - Part 12]
2014-02-15 10:10:11 paged_title() [Ulearn | ULearn English School Dublin Blog] [ - Part 9]
2014-02-15 10:25:17 paged_title() [Socials | ULearn English School Dublin Blog] [ - Part 3]
2014-02-15 10:34:29 paged_title() [English School Dublin, English Courses, Learn English in Dublin] [ - Part 5]
2014-02-15 13:33:44 paged_title() [] [ - Part 8]
2014-02-15 15:38:54 paged_title() [English School Dublin, English Courses, Learn English in Dublin] [ - Part 3]
2014-02-15 15:51:17 paged_title() [English School Dublin, English Courses, Learn English in Dublin] [ - Part 4]
2014-02-15 15:51:28 paged_title() [English School Dublin, English Courses, Learn English in Dublin] [ - Part 5]
2014-02-15 15:51:36 paged_title() [English School Dublin, English Courses, Learn English in Dublin] [ - Part 10]
2014-02-15 15:52:12 paged_title() [English School Dublin, English Courses, Learn English in Dublin] [ - Part 2]
2014-02-15 20:04:55 paged_title() [] [ - Part 7]
2014-02-15 22:37:00 paged_title() [Ulearn | ULearn English School Dublin Blog] [ - Part 12]
2014-02-16 19:16:45 paged_title() [] [ - Part 12]
2014-02-16 19:40:35 paged_title() [English School Dublin, English Courses, Learn English in Dublin] [ - Part 2]
2014-02-17 17:01:16 paged_title() [English School Dublin, English Courses, Learn English in Dublin] [ - Part 5]
2014-02-17 18:38:14 paged_title() [15/04/2011 | ULearn English School Dublin Blog] [ - Part 2]
2014-02-17 18:53:25 paged_title() [] [ - Part 7]
2014-02-17 23:24:32 paged_title() [English School Dublin, English Courses, Learn English in Dublin] [ - Part 11]
2014-02-17 23:35:46 paged_title() [English School Dublin, English Courses, Learn English in Dublin] [ - Part 6]
2014-02-18 01:42:25 paged_title() [English School Dublin, English Courses, Learn English in Dublin] [ - Part 5]
2014-02-18 02:03:41 paged_title() [Socials | ULearn English School Dublin Blog] [ - Part 6]
2014-02-18 03:00:10 paged_title() [English School Dublin, English Courses, Learn English in Dublin] [ - Part 3]
2014-02-18 07:26:57 paged_title() [English School Dublin, English Courses, Learn English in Dublin] [ - Part 2]
2014-02-18 07:27:44 paged_title() [English School Dublin, English Courses, Learn English in Dublin] [ - Part 3]
2014-02-18 07:27:48 paged_title() [English School Dublin, English Courses, Learn English in Dublin] [ - Part 12]
2014-02-18 07:27:48 paged_title() [English School Dublin, English Courses, Learn English in Dublin] [ - Part 5]
2014-02-18 07:27:48 paged_title() [English School Dublin, English Courses, Learn English in Dublin] [ - Part 4]
2014-02-18 07:27:48 paged_title() [English School Dublin, English Courses, Learn English in Dublin] [ - Part 10]
2014-02-18 11:51:47 paged_title() [English School Dublin, English Courses, Learn English in Dublin] [ - Part 2]
2014-02-18 16:23:35 paged_title() [English School Dublin, English Courses, Learn English in Dublin] [ - Part 2]
2014-02-18 17:11:18 paged_title() [English School Dublin, English Courses, Learn English in Dublin] [ - Part 10]
2014-02-18 18:12:21 paged_title() [] [ - Part 4]
2014-02-18 19:26:14 paged_title() [Ulearn | ULearn English School Dublin Blog] [ - Part 2]
2014-02-18 19:46:11 paged_title() [Ulearn | ULearn English School Dublin Blog] [ - Part 3]
2014-02-19 09:14:06 paged_title() [2011 | ULearn English School Dublin Blog] [ - Part 2]
2014-02-19 10:41:42 paged_title() [Ulearn | ULearn English School Dublin Blog] [ - Part 10]
2014-02-19 14:59:51 paged_title() [English School Dublin, English Courses, Learn English in Dublin] [ - Part 3]
2014-02-19 15:05:43 paged_title() [English School Dublin, English Courses, Learn English in Dublin] [ - Part 6]
2014-02-19 16:37:53 paged_title() [English School Dublin, English Courses, Learn English in Dublin] [ - Part 11]
2014-02-19 18:15:39 paged_title() [English School Dublin, English Courses, Learn English in Dublin] [ - Part 4]
2014-02-20 12:07:12 paged_title() [Socials | ULearn English School Dublin Blog] [ - Part 5]
2014-02-20 12:36:05 paged_title() [] [ - Part 5]
2014-02-20 13:20:10 paged_title() [Socials | ULearn English School Dublin Blog] [ - Part 7]
2014-02-20 14:19:34 paged_title() [] [ - Part 7]
2014-02-20 14:29:10 paged_title() [Ulearn | ULearn English School Dublin Blog] [ - Part 12]
2014-02-20 16:23:45 paged_title() [Socials | ULearn English School Dublin Blog] [ - Part 3]
2014-02-20 17:03:38 paged_title() [Ulearn | ULearn English School Dublin Blog] [ - Part 11]
2014-02-20 17:11:24 paged_title() [Socials | ULearn English School Dublin Blog] [ - Part 2]
2014-02-20 17:25:57 paged_title() [English School Dublin, English Courses, Learn English in Dublin] [ - Part 8]
2014-02-20 17:47:21 paged_title() [Socials | ULearn English School Dublin Blog] [ - Part 6]
2014-02-20 18:04:43 paged_title() [] [ - Part 7]
2014-02-20 19:32:23 paged_title() [] [ - Part 4]
2014-02-20 19:41:40 paged_title() [] [ - Part 12]
2014-02-20 20:09:32 paged_title() [] [ - Part 3]
2014-02-20 20:20:36 paged_title() [English School Dublin, English Courses, Learn English in Dublin] [ - Part 2]
2014-02-20 20:44:43 paged_title() [English School Dublin, English Courses, Learn English in Dublin] [ - Part 2]
2014-02-20 20:52:41 paged_title() [English School Dublin, English Courses, Learn English in Dublin] [ - Part 10]
2014-02-20 20:56:06 paged_title() [] [ - Part 2]
2014-02-20 20:57:22 paged_title() [English School Dublin, English Courses, Learn English in Dublin] [ - Part 2]
2014-02-20 20:57:28 paged_title() [English School Dublin, English Courses, Learn English in Dublin] [ - Part 2]
2014-02-20 21:23:57 paged_title() [Ulearn | ULearn English School Dublin Blog] [ - Part 8]
2014-02-20 22:45:48 paged_title() [Ulearn | ULearn English School Dublin Blog] [ - Part 4]
2014-02-20 23:02:21 paged_title() [Ulearn | ULearn English School Dublin Blog] [ - Part 2]
2014-02-20 23:10:37 paged_title() [] [ - Part 5]
2014-02-20 23:18:52 paged_title() [Ulearn | ULearn English School Dublin Blog] [ - Part 9]
2014-02-20 23:36:15 paged_title() [] [ - Part 2]
2014-02-20 23:36:20 paged_title() [] [ - Part 10]
2014-02-20 23:43:36 paged_title() [] [ - Part 10]
2014-02-21 02:02:59 paged_title() [Ulearn | ULearn English School Dublin Blog] [ - Part 3]
2014-02-21 04:42:26 paged_title() [Socials | ULearn English School Dublin Blog] [ - Part 4]
2014-02-21 05:34:53 paged_title() [Ulearn | ULearn English School Dublin Blog] [ - Part 3]
2014-02-21 06:15:43 paged_title() [Dublin | ULearn English School Dublin Blog] [ - Part 2]
2014-02-21 10:03:38 paged_title() [] [ - Part 10]
2014-02-21 19:44:44 paged_title() [English School Dublin, English Courses, Learn English in Dublin] [ - Part 2]
2014-02-21 19:55:01 paged_title() [English School Dublin, English Courses, Learn English in Dublin] [ - Part 2]
2014-02-21 20:00:14 paged_title() [English School Dublin, English Courses, Learn English in Dublin] [ - Part 2]
2014-02-22 00:00:33 paged_title() [Socials | ULearn English School Dublin Blog] [ - Part 3]
2014-02-22 14:15:34 paged_title() [English School Dublin, English Courses, Learn English in Dublin] [ - Part 9]
2014-02-22 16:20:08 paged_title() [English School Dublin, English Courses, Learn English in Dublin] [ - Part 4]
2014-02-22 19:53:05 paged_title() [] [ - Part 9]
2014-02-22 19:53:09 paged_title() [] [ - Part 8]
2014-02-22 19:53:14 paged_title() [] [ - Part 11]
2014-02-22 21:38:35 paged_title() [Dublin | ULearn English School Dublin Blog] [ - Part 2]
2014-02-23 02:02:44 paged_title() [] [ - Part 9]
2014-02-23 02:02:56 paged_title() [] [ - Part 6]
2014-02-23 02:02:57 paged_title() [] [ - Part 12]
2014-02-23 02:03:01 paged_title() [] [ - Part 10]
2014-02-23 14:10:22 paged_title() [] [ - Part 8]
2014-02-23 15:26:45 paged_title() [English School Dublin, English Courses, Learn English in Dublin] [ - Part 5]
2014-02-23 22:29:42 paged_title() [English School Dublin, English Courses, Learn English in Dublin] [ - Part 2]
2014-02-24 02:18:11 paged_title() [English School Dublin, English Courses, Learn English in Dublin] [ - Part 4]
2014-02-24 09:12:04 paged_title() [Socials | ULearn English School Dublin Blog] [ - Part 6]
2014-02-24 09:21:54 paged_title() [Socials | ULearn English School Dublin Blog] [ - Part 7]
2014-02-24 10:28:53 paged_title() [Socials | ULearn English School Dublin Blog] [ - Part 3]
2014-02-24 10:57:27 paged_title() [Socials | ULearn English School Dublin Blog] [ - Part 2]
2014-02-24 11:06:58 paged_title() [Socials | ULearn English School Dublin Blog] [ - Part 5]
2014-02-24 11:13:50 paged_title() [English School Dublin, English Courses, Learn English in Dublin] [ - Part 3]
2014-02-24 11:13:51 paged_title() [English School Dublin, English Courses, Learn English in Dublin] [ - Part 3]
2014-02-24 12:45:41 paged_title() [April, 2011 | ULearn English School Dublin Blog] [ - Part 2]
2014-02-24 12:45:43 paged_title() [English School Dublin, English Courses, Learn English in Dublin] [ - Part 2]
2014-02-24 13:21:06 paged_title() [English School Dublin, English Courses, Learn English in Dublin] [ - Part 3]
2014-02-24 13:41:58 paged_title() [Ulearn | ULearn English School Dublin Blog] [ - Part 11]
2014-02-24 14:17:32 paged_title() [] [ - Part 2]
2014-02-24 16:14:08 paged_title() [Ulearn | ULearn English School Dublin Blog] [ - Part 12]
2014-02-24 18:30:10 paged_title() [English School Dublin, English Courses, Learn English in Dublin] [ - Part 6]
2014-02-24 19:14:04 paged_title() [Socials | ULearn English School Dublin Blog] [ - Part 4]
2014-02-24 21:39:14 paged_title() [Ulearn | ULearn English School Dublin Blog] [ - Part 3]
2014-02-24 22:18:28 paged_title() [English School Dublin, English Courses, Learn English in Dublin] [ - Part 2]
2014-02-24 22:19:15 paged_title() [English School Dublin, English Courses, Learn English in Dublin] [ - Part 4]
2014-02-24 22:19:25 paged_title() [English School Dublin, English Courses, Learn English in Dublin] [ - Part 6]
2014-02-24 22:19:58 paged_title() [English School Dublin, English Courses, Learn English in Dublin] [ - Part 3]
2014-02-24 22:20:38 paged_title() [English School Dublin, English Courses, Learn English in Dublin] [ - Part 5]
2014-02-24 22:21:23 paged_title() [English School Dublin, English Courses, Learn English in Dublin] [ - Part 8]
2014-02-24 22:22:08 paged_title() [English School Dublin, English Courses, Learn English in Dublin] [ - Part 7]
2014-02-24 22:22:13 paged_title() [English School Dublin, English Courses, Learn English in Dublin] [ - Part 9]
2014-02-24 22:23:18 paged_title() [English School Dublin, English Courses, Learn English in Dublin] [ - Part 11]
2014-02-24 22:23:23 paged_title() [English School Dublin, English Courses, Learn English in Dublin] [ - Part 12]
2014-02-24 22:23:38 paged_title() [English School Dublin, English Courses, Learn English in Dublin] [ - Part 10]
2014-02-24 23:05:20 paged_title() [English School Dublin, English Courses, Learn English in Dublin] [ - Part 4]
2014-02-24 23:05:24 paged_title() [English School Dublin, English Courses, Learn English in Dublin] [ - Part 4]
2014-02-24 23:14:00 paged_title() [Ulearn | ULearn English School Dublin Blog] [ - Part 10]
2014-02-24 23:32:14 paged_title() [English School Dublin, English Courses, Learn English in Dublin] [ - Part 4]
2014-02-24 23:55:06 paged_title() [Dublin | ULearn English School Dublin Blog] [ - Part 2]
2014-02-25 00:32:57 paged_title() [] [ - Part 2]
2014-02-25 01:25:00 paged_title() [] [ - Part 10]
2014-02-25 01:30:14 paged_title() [] [ - Part 4]
2014-02-25 01:51:24 paged_title() [Ulearn | ULearn English School Dublin Blog] [ - Part 9]
2014-02-25 02:16:29 paged_title() [Ulearn | ULearn English School Dublin Blog] [ - Part 3]
2014-02-25 06:09:23 paged_title() [Ulearn | ULearn English School Dublin Blog] [ - Part 5]
2014-02-25 07:52:28 paged_title() [] [ - Part 12]
2014-02-25 10:25:35 paged_title() [English School Dublin, English Courses, Learn English in Dublin] [ - Part 5]
2014-02-25 11:27:33 paged_title() [] [ - Part 5]
2014-02-25 11:38:26 paged_title() [] [ - Part 5]
2014-02-25 12:03:38 paged_title() [Ulearn | ULearn English School Dublin Blog] [ - Part 2]
2014-02-25 12:10:08 paged_title() [] [ - Part 3]
2014-02-25 12:23:06 paged_title() [Ulearn | ULearn English School Dublin Blog] [ - Part 4]
2014-02-25 13:32:00 paged_title() [English School Dublin, English Courses, Learn English in Dublin] [ - Part 3]
2014-02-25 13:34:23 paged_title() [Ulearn | ULearn English School Dublin Blog] [ - Part 8]
2014-02-25 17:44:19 paged_title() [Ulearn | ULearn English School Dublin Blog] [ - Part 5]
2014-02-26 01:18:53 paged_title() [English School Dublin, English Courses, Learn English in Dublin] [ - Part 2]
2014-02-26 01:18:55 paged_title() [English School Dublin, English Courses, Learn English in Dublin] [ - Part 3]
2014-02-26 01:18:56 paged_title() [English School Dublin, English Courses, Learn English in Dublin] [ - Part 4]
2014-02-26 01:18:57 paged_title() [English School Dublin, English Courses, Learn English in Dublin] [ - Part 12]
2014-02-26 01:18:58 paged_title() [English School Dublin, English Courses, Learn English in Dublin] [ - Part 5]
2014-02-26 01:18:58 paged_title() [English School Dublin, English Courses, Learn English in Dublin] [ - Part 10]
2014-02-26 01:23:18 paged_title() [English School Dublin, English Courses, Learn English in Dublin] [ - Part 10]
2014-02-26 01:23:29 paged_title() [English School Dublin, English Courses, Learn English in Dublin] [ - Part 8]
2014-02-26 01:23:29 paged_title() [English School Dublin, English Courses, Learn English in Dublin] [ - Part 9]
2014-02-26 01:23:30 paged_title() [English School Dublin, English Courses, Learn English in Dublin] [ - Part 11]
2014-02-26 01:26:42 paged_title() [English School Dublin, English Courses, Learn English in Dublin] [ - Part 12]
2014-02-26 01:29:00 paged_title() [English School Dublin, English Courses, Learn English in Dublin] [ - Part 9]
2014-02-26 01:29:09 paged_title() [English School Dublin, English Courses, Learn English in Dublin] [ - Part 7]
2014-02-26 01:38:59 paged_title() [Socials | ULearn English School Dublin Blog] [ - Part 4]
2014-02-26 01:38:59 paged_title() [Socials | ULearn English School Dublin Blog] [ - Part 2]
2014-02-26 01:38:59 paged_title() [Socials | ULearn English School Dublin Blog] [ - Part 3]
2014-02-26 01:39:01 paged_title() [Socials | ULearn English School Dublin Blog] [ - Part 5]
2014-02-26 01:39:01 paged_title() [Socials | ULearn English School Dublin Blog] [ - Part 7]
2014-02-26 03:07:33 paged_title() [English School Dublin, English Courses, Learn English in Dublin] [ - Part 5]
2014-02-26 03:07:37 paged_title() [English School Dublin, English Courses, Learn English in Dublin] [ - Part 6]
2014-02-26 03:22:22 paged_title() [Socials | ULearn English School Dublin Blog] [ - Part 7]
2014-02-26 03:22:24 paged_title() [Socials | ULearn English School Dublin Blog] [ - Part 6]
2014-02-26 03:38:55 paged_title() [Socials | ULearn English School Dublin Blog] [ - Part 5]
2014-02-26 03:38:58 paged_title() [Socials | ULearn English School Dublin Blog] [ - Part 7]
2014-02-26 04:03:16 paged_title() [English School Dublin, English Courses, Learn English in Dublin] [ - Part 3]
2014-02-26 07:51:05 paged_title() [English School Dublin, English Courses, Learn English in Dublin] [ - Part 3]
2014-02-26 07:59:22 paged_title() [English School Dublin, English Courses, Learn English in Dublin] [ - Part 5]
2014-02-26 08:09:44 paged_title() [] [ - Part 2]
2014-02-26 08:09:49 paged_title() [English School Dublin, English Courses, Learn English in Dublin] [ - Part 2]
2014-02-26 08:10:17 paged_title() [April, 2011 | ULearn English School Dublin Blog] [ - Part 2]
2014-02-26 08:10:21 paged_title() [English School Dublin, English Courses, Learn English in Dublin] [ - Part 2]
2014-02-26 16:14:21 paged_title() [Ulearn | ULearn English School Dublin Blog] [ - Part 7]
2014-02-26 19:40:25 paged_title() [English School Dublin, English Courses, Learn English in Dublin] [ - Part 11]
2014-02-26 20:23:41 paged_title() [Socials | ULearn English School Dublin Blog] [ - Part 7]
2014-02-26 20:27:28 paged_title() [Socials | ULearn English School Dublin Blog] [ - Part 2]
2014-02-26 20:30:09 paged_title() [Socials | ULearn English School Dublin Blog] [ - Part 3]
2014-02-26 20:34:29 paged_title() [Socials | ULearn English School Dublin Blog] [ - Part 6]
2014-02-27 00:01:03 paged_title() [English School Dublin, English Courses, Learn English in Dublin] [ - Part 9]
2014-02-27 00:14:02 paged_title() [English School Dublin, English Courses, Learn English in Dublin] [ - Part 2]
2014-02-27 09:36:38 paged_title() [English School Dublin, English Courses, Learn English in Dublin] [ - Part 4]
2014-02-27 10:03:35 paged_title() [Ulearn | ULearn English School Dublin Blog] [ - Part 10]
2014-02-27 14:15:10 paged_title() [Ulearn | ULearn English School Dublin Blog] [ - Part 4]
2014-02-27 15:16:09 paged_title() [Socials | ULearn English School Dublin Blog] [ - Part 2]
2014-02-27 15:54:13 paged_title() [English School Dublin, English Courses, Learn English in Dublin] [ - Part 4]
2014-02-27 15:54:14 paged_title() [English School Dublin, English Courses, Learn English in Dublin] [ - Part 2]
2014-02-27 15:54:15 paged_title() [English School Dublin, English Courses, Learn English in Dublin] [ - Part 10]
2014-02-27 15:54:21 paged_title() [English School Dublin, English Courses, Learn English in Dublin] [ - Part 12]
2014-02-27 15:54:23 paged_title() [English School Dublin, English Courses, Learn English in Dublin] [ - Part 5]
2014-02-27 15:54:25 paged_title() [English School Dublin, English Courses, Learn English in Dublin] [ - Part 3]
2014-02-27 15:54:59 paged_title() [English School Dublin, English Courses, Learn English in Dublin] [ - Part 7]
2014-02-27 15:55:00 paged_title() [English School Dublin, English Courses, Learn English in Dublin] [ - Part 8]
2014-02-27 15:55:05 paged_title() [English School Dublin, English Courses, Learn English in Dublin] [ - Part 9]
2014-02-27 15:55:13 paged_title() [English School Dublin, English Courses, Learn English in Dublin] [ - Part 6]
2014-02-27 15:55:15 paged_title() [English School Dublin, English Courses, Learn English in Dublin] [ - Part 11]
2014-02-27 15:55:42 paged_title() [Socials | ULearn English School Dublin Blog] [ - Part 5]
2014-02-27 15:55:46 paged_title() [Ulearn | ULearn English School Dublin Blog] [ - Part 5]
2014-02-27 15:55:58 paged_title() [Ulearn | ULearn English School Dublin Blog] [ - Part 4]
2014-02-27 15:56:23 paged_title() [] [ - Part 5]
2014-02-27 15:56:31 paged_title() [] [ - Part 2]
2014-02-27 15:56:32 paged_title() [Dublin | ULearn English School Dublin Blog] [ - Part 2]
2014-02-27 15:56:42 paged_title() [Socials | ULearn English School Dublin Blog] [ - Part 4]
2014-02-27 15:57:00 paged_title() [Ulearn | ULearn English School Dublin Blog] [ - Part 12]
2014-02-27 15:57:21 paged_title() [Ulearn | ULearn English School Dublin Blog] [ - Part 3]
2014-02-27 15:57:23 paged_title() [] [ - Part 3]
2014-02-27 15:57:30 paged_title() [Socials | ULearn English School Dublin Blog] [ - Part 7]
2014-02-27 15:57:37 paged_title() [] [ - Part 12]
2014-02-27 15:58:29 paged_title() [] [ - Part 10]
2014-02-27 15:58:36 paged_title() [Socials | ULearn English School Dublin Blog] [ - Part 2]
2014-02-27 15:58:57 paged_title() [Ulearn | ULearn English School Dublin Blog] [ - Part 2]
2014-02-27 15:59:06 paged_title() [Socials | ULearn English School Dublin Blog] [ - Part 3]
2014-02-27 15:59:15 paged_title() [] [ - Part 4]
2014-02-27 15:59:48 paged_title() [Ulearn | ULearn English School Dublin Blog] [ - Part 10]
2014-02-27 16:01:46 paged_title() [Ulearn | ULearn English School Dublin Blog] [ - Part 7]
2014-02-27 16:04:05 paged_title() [] [ - Part 8]
2014-02-27 16:06:22 paged_title() [Ulearn | ULearn English School Dublin Blog] [ - Part 9]
2014-02-27 16:07:20 paged_title() [] [ - Part 6]
2014-02-27 16:12:23 paged_title() [Ulearn | ULearn English School Dublin Blog] [ - Part 11]
2014-02-27 16:14:05 paged_title() [Ulearn | ULearn English School Dublin Blog] [ - Part 8]
2014-02-27 16:27:03 paged_title() [English School Dublin, English Courses, Learn English in Dublin] [ - Part 3]
2014-02-27 20:24:03 paged_title() [Socials | ULearn English School Dublin Blog] [ - Part 7]
2014-02-27 21:59:47 paged_title() [Socials | ULearn English School Dublin Blog] [ - Part 6]
2014-02-27 22:10:05 paged_title() [English School Dublin, English Courses, Learn English in Dublin] [ - Part 4]
2014-02-27 22:16:39 paged_title() [English School Dublin, English Courses, Learn English in Dublin] [ - Part 5]
2014-02-27 22:22:45 paged_title() [English School Dublin, English Courses, Learn English in Dublin] [ - Part 10]
2014-02-27 22:29:05 paged_title() [English School Dublin, English Courses, Learn English in Dublin] [ - Part 12]
2014-02-27 23:54:40 paged_title() [Socials | ULearn English School Dublin Blog] [ - Part 4]
2014-02-28 03:27:01 paged_title() [] [ - Part 2]
2014-02-28 04:10:18 paged_title() [English School Dublin, English Courses, Learn English in Dublin] [ - Part 11]
2014-02-28 06:04:11 paged_title() [Socials | ULearn English School Dublin Blog] [ - Part 4]
2014-02-28 08:47:23 paged_title() [English School Dublin, English Courses, Learn English in Dublin] [ - Part 4]
2014-02-28 10:09:06 paged_title() [English School Dublin, English Courses, Learn English in Dublin] [ - Part 5]
2014-02-28 10:23:47 paged_title() [Ulearn | ULearn English School Dublin Blog] [ - Part 8]
2014-02-28 13:59:05 paged_title() [Ulearn | ULearn English School Dublin Blog] [ - Part 10]
2014-02-28 14:25:53 paged_title() [English School Dublin, English Courses, Learn English in Dublin] [ - Part 10]
2014-02-28 15:39:58 paged_title() [Ulearn | ULearn English School Dublin Blog] [ - Part 5]
2014-02-28 16:33:43 paged_title() [English School Dublin, English Courses, Learn English in Dublin] [ - Part 2]
2014-02-28 18:29:31 paged_title() [English School Dublin, English Courses, Learn English in Dublin] [ - Part 3]
2014-02-28 19:24:04 paged_title() [] [ - Part 12]
2014-02-28 21:54:59 paged_title() [] [ - Part 6]
2014-03-01 11:31:28 paged_title() [Ulearn | ULearn English School Dublin Blog] [ - Part 9]
2014-03-01 13:27:10 paged_title() [English School Dublin, English Courses, Learn English in Dublin] [ - Part 3]
2014-03-01 13:27:28 paged_title() [English School Dublin, English Courses, Learn English in Dublin] [ - Part 4]
2014-03-01 13:28:04 paged_title() [English School Dublin, English Courses, Learn English in Dublin] [ - Part 12]
2014-03-01 14:38:39 paged_title() [English School Dublin, English Courses, Learn English in Dublin] [ - Part 5]
2014-03-01 21:11:35 paged_title() [] [ - Part 9]
2014-03-01 21:11:36 paged_title() [] [ - Part 8]
2014-03-01 21:11:38 paged_title() [] [ - Part 12]
2014-03-01 21:11:40 paged_title() [] [ - Part 11]
2014-03-01 21:11:42 paged_title() [] [ - Part 10]
2014-03-01 23:03:41 paged_title() [] [ - Part 5]
2014-03-02 05:52:33 paged_title() [English School Dublin, English Courses, Learn English in Dublin] [ - Part 6]
2014-03-02 06:38:22 paged_title() [English School Dublin, English Courses, Learn English in Dublin] [ - Part 4]
2014-03-02 09:58:45 paged_title() [] [ - Part 7]
2014-03-02 09:58:47 paged_title() [] [ - Part 4]
2014-03-02 09:58:48 paged_title() [] [ - Part 2]
2014-03-02 11:37:54 paged_title() [English School Dublin, English Courses, Learn English in Dublin] [ - Part 2]
2014-03-02 12:55:42 paged_title() [English School Dublin, English Courses, Learn English in Dublin] [ - Part 6]
2014-03-02 13:04:29 paged_title() [] [ - Part 4]
2014-03-02 22:05:19 paged_title() [] [ - Part 9]
2014-03-02 23:33:11 paged_title() [English School Dublin, English Courses, Learn English in Dublin] [ - Part 6]
2014-03-02 23:37:18 paged_title() [] [ - Part 6]
2014-03-02 23:37:23 paged_title() [] [ - Part 5]
2014-03-02 23:37:25 paged_title() [] [ - Part 3]
2014-03-02 23:37:27 paged_title() [] [ - Part 2]
2014-03-02 23:37:29 paged_title() [] [ - Part 10]
2014-03-03 06:01:15 paged_title() [English School Dublin, English Courses, Learn English in Dublin] [ - Part 5]
2014-03-03 06:58:34 paged_title() [English School Dublin, English Courses, Learn English in Dublin] [ - Part 3]
2014-03-03 10:29:12 paged_title() [Socials | ULearn English School Dublin Blog] [ - Part 3]
2014-03-03 12:10:46 paged_title() [English School Dublin, English Courses, Learn English in Dublin] [ - Part 2]
2014-03-03 12:38:43 paged_title() [English School Dublin, English Courses, Learn English in Dublin] [ - Part 4]
2014-03-03 13:31:25 paged_title() [English School Dublin, English Courses, Learn English in Dublin] [ - Part 6]
2014-03-03 13:34:58 paged_title() [] [ - Part 4]
2014-03-03 13:36:26 paged_title() [Ulearn | ULearn English School Dublin Blog] [ - Part 3]
2014-03-03 14:00:26 paged_title() [English School Dublin, English Courses, Learn English in Dublin] [ - Part 3]
2014-03-03 14:04:30 paged_title() [] [ - Part 12]
2014-03-03 19:31:15 paged_title() [English School Dublin, English Courses, Learn English in Dublin] [ - Part 6]
2014-03-03 19:31:18 paged_title() [English School Dublin, English Courses, Learn English in Dublin] [ - Part 6]
2014-03-03 19:33:57 paged_title() [English School Dublin, English Courses, Learn English in Dublin] [ - Part 6]
2014-03-03 19:33:59 paged_title() [English School Dublin, English Courses, Learn English in Dublin] [ - Part 6]
2014-03-03 19:36:09 paged_title() [Ulearn | ULearn English School Dublin Blog] [ - Part 2]
2014-03-04 03:31:54 paged_title() [15/04/2011 | ULearn English School Dublin Blog] [ - Part 2]
2014-03-04 03:32:00 paged_title() [April, 2011 | ULearn English School Dublin Blog] [ - Part 2]
2014-03-04 05:37:55 paged_title() [Socials | ULearn English School Dublin Blog] [ - Part 4]
2014-03-04 08:58:30 paged_title() [Ulearn | ULearn English School Dublin Blog] [ - Part 11]
2014-03-04 10:38:06 paged_title() [Ulearn | ULearn English School Dublin Blog] [ - Part 12]
2014-03-04 11:53:33 paged_title() [Socials | ULearn English School Dublin Blog] [ - Part 2]
2014-03-04 12:20:59 paged_title() [English School Dublin, English Courses, Learn English in Dublin] [ - Part 4]
2014-03-04 13:46:44 paged_title() [Dublin | ULearn English School Dublin Blog] [ - Part 2]
2014-03-04 13:47:25 paged_title() [Ulearn | ULearn English School Dublin Blog] [ - Part 12]
2014-03-04 16:01:06 paged_title() [English School Dublin, English Courses, Learn English in Dublin] [ - Part 4]
2014-03-04 16:01:08 paged_title() [English School Dublin, English Courses, Learn English in Dublin] [ - Part 4]
2014-03-04 18:06:02 paged_title() [English School Dublin, English Courses, Learn English in Dublin] [ - Part 4]
2014-03-04 18:13:48 paged_title() [Ulearn | ULearn English School Dublin Blog] [ - Part 6]
2014-03-05 03:49:22 paged_title() [] [ - Part 7]
2014-03-05 08:00:00 paged_title() [English School Dublin, English Courses, Learn English in Dublin] [ - Part 2]
2014-03-05 09:46:29 paged_title() [] [ - Part 11]
2014-03-05 10:04:11 paged_title() [Socials | ULearn English School Dublin Blog] [ - Part 6]
2014-03-05 11:22:30 paged_title() [English School Dublin, English Courses, Learn English in Dublin] [ - Part 11]
2014-03-05 19:42:16 paged_title() [Ulearn | ULearn English School Dublin Blog] [ - Part 7]
2014-03-05 23:33:26 paged_title() [Ulearn | ULearn English School Dublin Blog] [ - Part 11]
2014-03-06 01:58:32 paged_title() [] [ - Part 4]
2014-03-06 11:42:02 paged_title() [English School Dublin, English Courses, Learn English in Dublin] [ - Part 12]
2014-03-06 19:28:34 paged_title() [Socials | ULearn English School Dublin Blog] [ - Part 5]
2014-03-07 03:26:01 paged_title() [] [ - Part 3]
2014-03-07 04:58:55 paged_title() [English School Dublin, English Courses, Learn English in Dublin] [ - Part 11]
2014-03-07 17:46:11 paged_title() [English School Dublin, English Courses, Learn English in Dublin] [ - Part 3]
2014-03-07 17:46:20 paged_title() [English School Dublin, English Courses, Learn English in Dublin] [ - Part 3]
2014-03-07 23:41:40 paged_title() [English School Dublin, English Courses, Learn English in Dublin] [ - Part 3]
2014-03-08 01:58:03 paged_title() [] [ - Part 7]
2014-03-08 04:24:05 paged_title() [English School Dublin, English Courses, Learn English in Dublin] [ - Part 4]
2014-03-08 11:52:04 paged_title() [English School Dublin, English Courses, Learn English in Dublin] [ - Part 6]
2014-03-08 13:42:15 paged_title() [English School Dublin, English Courses, Learn English in Dublin] [ - Part 5]
2014-03-08 13:44:59 paged_title() [English School Dublin, English Courses, Learn English in Dublin] [ - Part 12]
2014-03-08 18:00:29 paged_title() [] [ - Part 10]
2014-03-09 02:20:12 paged_title() [English School Dublin, English Courses, Learn English in Dublin] [ - Part 4]
2014-03-09 05:59:46 paged_title() [English School Dublin, English Courses, Learn English in Dublin] [ - Part 3]
2014-03-09 08:07:45 paged_title() [English School Dublin, English Courses, Learn English in Dublin] [ - Part 10]
2014-03-09 11:02:10 paged_title() [English School Dublin, English Courses, Learn English in Dublin] [ - Part 3]
2014-03-09 12:10:00 paged_title() [Socials | ULearn English School Dublin Blog] [ - Part 7]
2014-03-09 15:47:30 paged_title() [English School Dublin, English Courses, Learn English in Dublin] [ - Part 2]
2014-03-09 15:47:31 paged_title() [English School Dublin, English Courses, Learn English in Dublin] [ - Part 3]
2014-03-09 15:47:32 paged_title() [English School Dublin, English Courses, Learn English in Dublin] [ - Part 4]
2014-03-09 15:47:33 paged_title() [English School Dublin, English Courses, Learn English in Dublin] [ - Part 5]
2014-03-09 15:47:34 paged_title() [English School Dublin, English Courses, Learn English in Dublin] [ - Part 10]
2014-03-09 15:47:35 paged_title() [English School Dublin, English Courses, Learn English in Dublin] [ - Part 12]
2014-03-09 19:35:23 paged_title() [] [ - Part 11]
2014-03-10 03:36:09 paged_title() [Ulearn | ULearn English School Dublin Blog] [ - Part 2]
2014-03-10 04:24:41 paged_title() [Socials | ULearn English School Dublin Blog] [ - Part 2]
2014-03-10 06:25:05 paged_title() [Socials | ULearn English School Dublin Blog] [ - Part 5]
2014-03-10 07:41:05 paged_title() [English School Dublin, English Courses, Learn English in Dublin] [ - Part 2]
2014-03-10 09:08:37 paged_title() [English School Dublin, English Courses, Learn English in Dublin] [ - Part 8]
2014-03-10 09:21:56 paged_title() [] [ - Part 10]
2014-03-10 11:06:12 paged_title() [English School Dublin, English Courses, Learn English in Dublin] [ - Part 5]
2014-03-10 11:06:17 paged_title() [English School Dublin, English Courses, Learn English in Dublin] [ - Part 7]
2014-03-10 11:06:22 paged_title() [English School Dublin, English Courses, Learn English in Dublin] [ - Part 9]
2014-03-10 11:06:40 paged_title() [English School Dublin, English Courses, Learn English in Dublin] [ - Part 2]
2014-03-10 11:07:52 paged_title() [English School Dublin, English Courses, Learn English in Dublin] [ - Part 4]
2014-03-10 11:09:26 paged_title() [English School Dublin, English Courses, Learn English in Dublin] [ - Part 8]
2014-03-10 11:09:46 paged_title() [English School Dublin, English Courses, Learn English in Dublin] [ - Part 3]
2014-03-10 11:10:11 paged_title() [English School Dublin, English Courses, Learn English in Dublin] [ - Part 6]
2014-03-10 11:11:10 paged_title() [English School Dublin, English Courses, Learn English in Dublin] [ - Part 11]
2014-03-10 11:11:15 paged_title() [English School Dublin, English Courses, Learn English in Dublin] [ - Part 10]
2014-03-10 11:11:21 paged_title() [English School Dublin, English Courses, Learn English in Dublin] [ - Part 12]
2014-03-10 12:01:03 paged_title() [English School Dublin, English Courses, Learn English in Dublin] [ - Part 3]
2014-03-10 15:34:26 paged_title() [15/04/2011 | ULearn English School Dublin Blog] [ - Part 2]
2014-03-10 21:36:26 paged_title() [English School Dublin, English Courses, Learn English in Dublin] [ - Part 10]
2014-03-10 22:09:55 paged_title() [] [ - Part 8]
2014-03-10 22:32:35 paged_title() [] [ - Part 5]
2014-03-10 22:32:37 paged_title() [] [ - Part 4]
2014-03-10 22:32:39 paged_title() [] [ - Part 2]
2014-03-11 05:12:01 paged_title() [English School Dublin, English Courses, Learn English in Dublin] [ - Part 2]
2014-03-11 05:12:12 paged_title() [English School Dublin, English Courses, Learn English in Dublin] [ - Part 3]
2014-03-11 05:12:18 paged_title() [English School Dublin, English Courses, Learn English in Dublin] [ - Part 4]
2014-03-11 05:12:30 paged_title() [English School Dublin, English Courses, Learn English in Dublin] [ - Part 5]
2014-03-11 05:12:35 paged_title() [English School Dublin, English Courses, Learn English in Dublin] [ - Part 10]
2014-03-11 05:12:43 paged_title() [English School Dublin, English Courses, Learn English in Dublin] [ - Part 12]
2014-03-11 06:08:22 paged_title() [] [ - Part 2]
2014-03-11 06:08:33 paged_title() [] [ - Part 3]
2014-03-11 06:08:37 paged_title() [] [ - Part 4]
2014-03-11 06:08:47 paged_title() [] [ - Part 5]
2014-03-11 06:09:00 paged_title() [] [ - Part 10]
2014-03-11 06:09:08 paged_title() [] [ - Part 12]
2014-03-11 06:09:19 paged_title() [Ulearn | ULearn English School Dublin Blog] [ - Part 2]
2014-03-11 06:09:26 paged_title() [Ulearn | ULearn English School Dublin Blog] [ - Part 3]
2014-03-11 06:09:30 paged_title() [Ulearn | ULearn English School Dublin Blog] [ - Part 4]
2014-03-11 06:09:37 paged_title() [Ulearn | ULearn English School Dublin Blog] [ - Part 5]
2014-03-11 06:09:41 paged_title() [Ulearn | ULearn English School Dublin Blog] [ - Part 10]
2014-03-11 06:09:52 paged_title() [Ulearn | ULearn English School Dublin Blog] [ - Part 12]
2014-03-11 06:11:45 paged_title() [Dublin | ULearn English School Dublin Blog] [ - Part 2]
2014-03-11 06:12:30 paged_title() [Socials | ULearn English School Dublin Blog] [ - Part 2]
2014-03-11 06:12:43 paged_title() [Socials | ULearn English School Dublin Blog] [ - Part 3]
2014-03-11 06:12:54 paged_title() [Socials | ULearn English School Dublin Blog] [ - Part 4]
2014-03-11 06:13:11 paged_title() [Socials | ULearn English School Dublin Blog] [ - Part 5]
2014-03-11 06:13:15 paged_title() [Socials | ULearn English School Dublin Blog] [ - Part 7]
2014-03-11 06:20:44 paged_title() [English School Dublin, English Courses, Learn English in Dublin] [ - Part 6]
2014-03-11 06:21:37 paged_title() [English School Dublin, English Courses, Learn English in Dublin] [ - Part 7]
2014-03-11 06:22:27 paged_title() [English School Dublin, English Courses, Learn English in Dublin] [ - Part 9]
2014-03-11 06:22:36 paged_title() [English School Dublin, English Courses, Learn English in Dublin] [ - Part 8]
2014-03-11 06:22:43 paged_title() [English School Dublin, English Courses, Learn English in Dublin] [ - Part 11]
2014-03-11 07:28:23 paged_title() [] [ - Part 6]
2014-03-11 07:28:27 paged_title() [] [ - Part 7]
2014-03-11 07:28:36 paged_title() [] [ - Part 9]
2014-03-11 07:28:45 paged_title() [] [ - Part 8]
2014-03-11 07:28:54 paged_title() [] [ - Part 11]
2014-03-11 07:28:59 paged_title() [Ulearn | ULearn English School Dublin Blog] [ - Part 6]
2014-03-11 07:29:05 paged_title() [Ulearn | ULearn English School Dublin Blog] [ - Part 7]
2014-03-11 07:29:11 paged_title() [Ulearn | ULearn English School Dublin Blog] [ - Part 9]
2014-03-11 07:29:17 paged_title() [Ulearn | ULearn English School Dublin Blog] [ - Part 8]
2014-03-11 07:29:25 paged_title() [Ulearn | ULearn English School Dublin Blog] [ - Part 11]
2014-03-11 07:36:06 paged_title() [Socials | ULearn English School Dublin Blog] [ - Part 6]
2014-03-11 08:28:15 paged_title() [15/04/2011 | ULearn English School Dublin Blog] [ - Part 2]
2014-03-11 23:50:14 paged_title() [Socials | ULearn English School Dublin Blog] [ - Part 7]
2014-03-12 09:54:53 paged_title() [Ulearn | ULearn English School Dublin Blog] [ - Part 3]
2014-03-12 13:20:04 paged_title() [English School Dublin, English Courses, Learn English in Dublin] [ - Part 4]
2014-03-12 15:26:44 paged_title() [English School Dublin, English Courses, Learn English in Dublin] [ - Part 5]
2014-03-12 18:34:16 paged_title() [English School Dublin, English Courses, Learn English in Dublin] [ - Part 6]
2014-03-12 21:07:48 paged_title() [English School Dublin, English Courses, Learn English in Dublin] [ - Part 4]
2014-03-12 22:24:56 paged_title() [English School Dublin, English Courses, Learn English in Dublin] [ - Part 11]
2014-03-13 03:00:21 paged_title() [Socials | ULearn English School Dublin Blog] [ - Part 6]
2014-03-13 06:22:53 paged_title() [English School Dublin, English Courses, Learn English in Dublin] [ - Part 3]
2014-03-13 09:14:22 paged_title() [Socials | ULearn English School Dublin Blog] [ - Part 4]
2014-03-13 10:30:28 paged_title() [English School Dublin, English Courses, Learn English in Dublin] [ - Part 5]
